running egg_info
writing ../../build/vis_nav/vis_nav.egg-info/PKG-INFO
writing dependency_links to ../../build/vis_nav/vis_nav.egg-info/dependency_links.txt
writing entry points to ../../build/vis_nav/vis_nav.egg-info/entry_points.txt
writing requirements to ../../build/vis_nav/vis_nav.egg-info/requires.txt
writing top-level names to ../../build/vis_nav/vis_nav.egg-info/top_level.txt
reading manifest file '../../build/vis_nav/vis_nav.egg-info/SOURCES.txt'
writing manifest file '../../build/vis_nav/vis_nav.egg-info/SOURCES.txt'
running build
running build_py
copying vis_nav/main.py -> /home/regmed/dregmed/vis_to_nav/build/vis_nav/build/lib/vis_nav
running install
running install_lib
copying /home/regmed/dregmed/vis_to_nav/build/vis_nav/build/lib/vis_nav/main.py -> /home/regmed/dregmed/vis_to_nav/install/vis_nav/lib/python3.10/site-packages/vis_nav
byte-compiling /home/regmed/dregmed/vis_to_nav/install/vis_nav/lib/python3.10/site-packages/vis_nav/main.py to main.cpython-310.pyc
running install_data
running install_egg_info
removing '/home/regmed/dregmed/vis_to_nav/install/vis_nav/lib/python3.10/site-packages/vis_nav-0.0.0-py3.10.egg-info' (and everything under it)
Copying ../../build/vis_nav/vis_nav.egg-info to /home/regmed/dregmed/vis_to_nav/install/vis_nav/lib/python3.10/site-packages/vis_nav-0.0.0-py3.10.egg-info
running install_scripts
Installing depth_image_subscriber.py script to /home/regmed/dregmed/vis_to_nav/install/vis_nav/lib/vis_nav
Installing main.py script to /home/regmed/dregmed/vis_to_nav/install/vis_nav/lib/vis_nav
Installing testing.py script to /home/regmed/dregmed/vis_to_nav/install/vis_nav/lib/vis_nav
writing list of installed files to '/home/regmed/dregmed/vis_to_nav/build/vis_nav/install.log'
