[0.697s] Invoking command in '/home/regmed/dregmed/vis_to_nav/src/vis_nav': PYTHONPATH=/home/regmed/dregmed/vis_to_nav/build/vis_nav/prefix_override:/home/regmed/dregmed/vis_to_nav/install/vis_nav/lib/python3.10/site-packages:${PYTHONPATH} /usr/bin/python3 setup.py egg_info --egg-base ../../build/vis_nav build --build-base /home/regmed/dregmed/vis_to_nav/build/vis_nav/build install --record /home/regmed/dregmed/vis_to_nav/build/vis_nav/install.log --single-version-externally-managed
[0.902s] running egg_info
[0.903s] writing ../../build/vis_nav/vis_nav.egg-info/PKG-INFO
[0.903s] writing dependency_links to ../../build/vis_nav/vis_nav.egg-info/dependency_links.txt
[0.904s] writing entry points to ../../build/vis_nav/vis_nav.egg-info/entry_points.txt
[0.904s] writing requirements to ../../build/vis_nav/vis_nav.egg-info/requires.txt
[0.904s] writing top-level names to ../../build/vis_nav/vis_nav.egg-info/top_level.txt
[0.905s] reading manifest file '../../build/vis_nav/vis_nav.egg-info/SOURCES.txt'
[0.906s] writing manifest file '../../build/vis_nav/vis_nav.egg-info/SOURCES.txt'
[0.906s] running build
[0.906s] running build_py
[0.907s] copying vis_nav/main.py -> /home/regmed/dregmed/vis_to_nav/build/vis_nav/build/lib/vis_nav
[0.907s] running install
[0.908s] running install_lib
[0.908s] copying /home/regmed/dregmed/vis_to_nav/build/vis_nav/build/lib/vis_nav/main.py -> /home/regmed/dregmed/vis_to_nav/install/vis_nav/lib/python3.10/site-packages/vis_nav
[0.909s] byte-compiling /home/regmed/dregmed/vis_to_nav/install/vis_nav/lib/python3.10/site-packages/vis_nav/main.py to main.cpython-310.pyc
[0.913s] running install_data
[0.913s] running install_egg_info
[0.914s] removing '/home/regmed/dregmed/vis_to_nav/install/vis_nav/lib/python3.10/site-packages/vis_nav-0.0.0-py3.10.egg-info' (and everything under it)
[0.915s] Copying ../../build/vis_nav/vis_nav.egg-info to /home/regmed/dregmed/vis_to_nav/install/vis_nav/lib/python3.10/site-packages/vis_nav-0.0.0-py3.10.egg-info
[0.916s] running install_scripts
[0.930s] Installing depth_image_subscriber.py script to /home/regmed/dregmed/vis_to_nav/install/vis_nav/lib/vis_nav
[0.930s] Installing main.py script to /home/regmed/dregmed/vis_to_nav/install/vis_nav/lib/vis_nav
[0.930s] Installing testing.py script to /home/regmed/dregmed/vis_to_nav/install/vis_nav/lib/vis_nav
[0.931s] writing list of installed files to '/home/regmed/dregmed/vis_to_nav/build/vis_nav/install.log'
[0.947s] Invoked command in '/home/regmed/dregmed/vis_to_nav/src/vis_nav' returned '0': PYTHONPATH=/home/regmed/dregmed/vis_to_nav/build/vis_nav/prefix_override:/home/regmed/dregmed/vis_to_nav/install/vis_nav/lib/python3.10/site-packages:${PYTHONPATH} /usr/bin/python3 setup.py egg_info --egg-base ../../build/vis_nav build --build-base /home/regmed/dregmed/vis_to_nav/build/vis_nav/build install --record /home/regmed/dregmed/vis_to_nav/build/vis_nav/install.log --single-version-externally-managed
