[0.890s] DEBUG:colcon:Command line arguments: ['/usr/bin/colcon', 'build', '--symlink-install']
[0.890s] DEBUG:colcon:Parsed command line arguments: Namespace(log_base=None, log_level=None, verb_name='build', build_base='build', install_base='install', merge_install=False, symlink_install=True, test_result_base=None, continue_on_error=False, executor='parallel', parallel_workers=12, event_handlers=None, ignore_user_meta=False, metas=['./colcon.meta'], base_paths=['.'], packages_ignore=None, packages_ignore_regex=None, paths=None, packages_up_to=None, packages_up_to_regex=None, packages_above=None, packages_above_and_dependencies=None, packages_above_depth=None, packages_select_by_dep=None, packages_skip_by_dep=None, packages_skip_up_to=None, packages_select_build_failed=False, packages_skip_build_finished=False, packages_select_test_failures=False, packages_skip_test_passed=False, packages_select=None, packages_skip=None, packages_select_regex=None, packages_skip_regex=None, packages_start=None, packages_end=None, allow_overriding=[], cmake_args=None, cmake_target=None, cmake_target_skip_unavailable=False, cmake_clean_cache=False, cmake_clean_first=False, cmake_force_configure=False, ament_cmake_args=None, catkin_cmake_args=None, catkin_skip_building_tests=False, verb_parser=<colcon_defaults.argument_parser.defaults.DefaultArgumentsDecorator object at 0x7b440f797550>, verb_extension=<colcon_core.verb.build.BuildVerb object at 0x7b440f7941c0>, main=<bound method BuildVerb.main of <colcon_core.verb.build.BuildVerb object at 0x7b440f7941c0>>)
[0.941s] Level 1:colcon.colcon_core.package_discovery:discover_packages(colcon_meta) check parameters
[0.941s] Level 1:colcon.colcon_core.package_discovery:discover_packages(recursive) check parameters
[0.941s] Level 1:colcon.colcon_core.package_discovery:discover_packages(ignore) check parameters
[0.941s] Level 1:colcon.colcon_core.package_discovery:discover_packages(path) check parameters
[0.941s] Level 1:colcon.colcon_core.package_discovery:discover_packages(colcon_meta) discover
[0.941s] Level 1:colcon.colcon_core.package_discovery:discover_packages(recursive) discover
[0.941s] INFO:colcon.colcon_core.package_discovery:Crawling recursively for packages in '/home/regmed/dregmed/vis_to_nav'
[0.941s] Level 1:colcon.colcon_core.package_identification:_identify(.) by extensions ['ignore', 'ignore_ament_install']
[0.941s] Level 1:colcon.colcon_core.package_identification:_identify(.) by extension 'ignore'
[0.941s] Level 1:colcon.colcon_core.package_identification:_identify(.) by extension 'ignore_ament_install'
[0.942s] Level 1:colcon.colcon_core.package_identification:_identify(.) by extensions ['colcon_pkg']
[0.942s] Level 1:colcon.colcon_core.package_identification:_identify(.) by extension 'colcon_pkg'
[0.942s] Level 1:colcon.colcon_core.package_identification:_identify(.) by extensions ['colcon_meta']
[0.942s] Level 1:colcon.colcon_core.package_identification:_identify(.) by extension 'colcon_meta'
[0.942s] Level 1:colcon.colcon_core.package_identification:_identify(.) by extensions ['ros']
[0.942s] Level 1:colcon.colcon_core.package_identification:_identify(.) by extension 'ros'
[0.950s] Level 1:colcon.colcon_core.package_identification:_identify(.) by extensions ['cmake', 'python']
[0.950s] Level 1:colcon.colcon_core.package_identification:_identify(.) by extension 'cmake'
[0.950s] Level 1:colcon.colcon_core.package_identification:_identify(.) by extension 'python'
[0.950s] Level 1:colcon.colcon_core.package_identification:_identify(.) by extensions ['python_setup_py']
[0.950s] Level 1:colcon.colcon_core.package_identification:_identify(.) by extension 'python_setup_py'
[0.950s] Level 1:colcon.colcon_core.package_identification:_identify(build) by extensions ['ignore', 'ignore_ament_install']
[0.950s] Level 1:colcon.colcon_core.package_identification:_identify(build) by extension 'ignore'
[0.950s] Level 1:colcon.colcon_core.package_identification:_identify(build) ignored
[0.950s] Level 1:colcon.colcon_core.package_identification:_identify(final_curves) by extensions ['ignore', 'ignore_ament_install']
[0.950s] Level 1:colcon.colcon_core.package_identification:_identify(final_curves) by extension 'ignore'
[0.950s] Level 1:colcon.colcon_core.package_identification:_identify(final_curves) by extension 'ignore_ament_install'
[0.950s] Level 1:colcon.colcon_core.package_identification:_identify(final_curves) by extensions ['colcon_pkg']
[0.950s] Level 1:colcon.colcon_core.package_identification:_identify(final_curves) by extension 'colcon_pkg'
[0.950s] Level 1:colcon.colcon_core.package_identification:_identify(final_curves) by extensions ['colcon_meta']
[0.951s] Level 1:colcon.colcon_core.package_identification:_identify(final_curves) by extension 'colcon_meta'
[0.951s] Level 1:colcon.colcon_core.package_identification:_identify(final_curves) by extensions ['ros']
[0.951s] Level 1:colcon.colcon_core.package_identification:_identify(final_curves) by extension 'ros'
[0.951s] Level 1:colcon.colcon_core.package_identification:_identify(final_curves) by extensions ['cmake', 'python']
[0.951s] Level 1:colcon.colcon_core.package_identification:_identify(final_curves) by extension 'cmake'
[0.951s] Level 1:colcon.colcon_core.package_identification:_identify(final_curves) by extension 'python'
[0.951s] Level 1:colcon.colcon_core.package_identification:_identify(final_curves) by extensions ['python_setup_py']
[0.951s] Level 1:colcon.colcon_core.package_identification:_identify(final_curves) by extension 'python_setup_py'
[0.951s] Level 1:colcon.colcon_core.package_identification:_identify(final_models) by extensions ['ignore', 'ignore_ament_install']
[0.951s] Level 1:colcon.colcon_core.package_identification:_identify(final_models) by extension 'ignore'
[0.951s] Level 1:colcon.colcon_core.package_identification:_identify(final_models) by extension 'ignore_ament_install'
[0.951s] Level 1:colcon.colcon_core.package_identification:_identify(final_models) by extensions ['colcon_pkg']
[0.951s] Level 1:colcon.colcon_core.package_identification:_identify(final_models) by extension 'colcon_pkg'
[0.951s] Level 1:colcon.colcon_core.package_identification:_identify(final_models) by extensions ['colcon_meta']
[0.951s] Level 1:colcon.colcon_core.package_identification:_identify(final_models) by extension 'colcon_meta'
[0.951s] Level 1:colcon.colcon_core.package_identification:_identify(final_models) by extensions ['ros']
[0.951s] Level 1:colcon.colcon_core.package_identification:_identify(final_models) by extension 'ros'
[0.951s] Level 1:colcon.colcon_core.package_identification:_identify(final_models) by extensions ['cmake', 'python']
[0.951s] Level 1:colcon.colcon_core.package_identification:_identify(final_models) by extension 'cmake'
[0.951s] Level 1:colcon.colcon_core.package_identification:_identify(final_models) by extension 'python'
[0.951s] Level 1:colcon.colcon_core.package_identification:_identify(final_models) by extensions ['python_setup_py']
[0.951s] Level 1:colcon.colcon_core.package_identification:_identify(final_models) by extension 'python_setup_py'
[0.951s] Level 1:colcon.colcon_core.package_identification:_identify(install) by extensions ['ignore', 'ignore_ament_install']
[0.952s] Level 1:colcon.colcon_core.package_identification:_identify(install) by extension 'ignore'
[0.952s] Level 1:colcon.colcon_core.package_identification:_identify(install) ignored
[0.952s] Level 1:colcon.colcon_core.package_identification:_identify(log) by extensions ['ignore', 'ignore_ament_install']
[0.952s] Level 1:colcon.colcon_core.package_identification:_identify(log) by extension 'ignore'
[0.952s] Level 1:colcon.colcon_core.package_identification:_identify(log) ignored
[0.952s] Level 1:colcon.colcon_core.package_identification:_identify(results) by extensions ['ignore', 'ignore_ament_install']
[0.952s] Level 1:colcon.colcon_core.package_identification:_identify(results) by extension 'ignore'
[0.952s] Level 1:colcon.colcon_core.package_identification:_identify(results) by extension 'ignore_ament_install'
[0.952s] Level 1:colcon.colcon_core.package_identification:_identify(results) by extensions ['colcon_pkg']
[0.952s] Level 1:colcon.colcon_core.package_identification:_identify(results) by extension 'colcon_pkg'
[0.952s] Level 1:colcon.colcon_core.package_identification:_identify(results) by extensions ['colcon_meta']
[0.952s] Level 1:colcon.colcon_core.package_identification:_identify(results) by extension 'colcon_meta'
[0.952s] Level 1:colcon.colcon_core.package_identification:_identify(results) by extensions ['ros']
[0.952s] Level 1:colcon.colcon_core.package_identification:_identify(results) by extension 'ros'
[0.952s] Level 1:colcon.colcon_core.package_identification:_identify(results) by extensions ['cmake', 'python']
[0.952s] Level 1:colcon.colcon_core.package_identification:_identify(results) by extension 'cmake'
[0.952s] Level 1:colcon.colcon_core.package_identification:_identify(results) by extension 'python'
[0.952s] Level 1:colcon.colcon_core.package_identification:_identify(results) by extensions ['python_setup_py']
[0.952s] Level 1:colcon.colcon_core.package_identification:_identify(results) by extension 'python_setup_py'
[0.953s] Level 1:colcon.colcon_core.package_identification:_identify(src) by extensions ['ignore', 'ignore_ament_install']
[0.953s] Level 1:colcon.colcon_core.package_identification:_identify(src) by extension 'ignore'
[0.953s] Level 1:colcon.colcon_core.package_identification:_identify(src) by extension 'ignore_ament_install'
[0.953s] Level 1:colcon.colcon_core.package_identification:_identify(src) by extensions ['colcon_pkg']
[0.953s] Level 1:colcon.colcon_core.package_identification:_identify(src) by extension 'colcon_pkg'
[0.953s] Level 1:colcon.colcon_core.package_identification:_identify(src) by extensions ['colcon_meta']
[0.953s] Level 1:colcon.colcon_core.package_identification:_identify(src) by extension 'colcon_meta'
[0.953s] Level 1:colcon.colcon_core.package_identification:_identify(src) by extensions ['ros']
[0.953s] Level 1:colcon.colcon_core.package_identification:_identify(src) by extension 'ros'
[0.953s] Level 1:colcon.colcon_core.package_identification:_identify(src) by extensions ['cmake', 'python']
[0.953s] Level 1:colcon.colcon_core.package_identification:_identify(src) by extension 'cmake'
[0.953s] Level 1:colcon.colcon_core.package_identification:_identify(src) by extension 'python'
[0.953s] Level 1:colcon.colcon_core.package_identification:_identify(src) by extensions ['python_setup_py']
[0.953s] Level 1:colcon.colcon_core.package_identification:_identify(src) by extension 'python_setup_py'
[0.953s] Level 1:colcon.colcon_core.package_identification:_identify(src/vis_nav) by extensions ['ignore', 'ignore_ament_install']
[0.953s] Level 1:colcon.colcon_core.package_identification:_identify(src/vis_nav) by extension 'ignore'
[0.953s] Level 1:colcon.colcon_core.package_identification:_identify(src/vis_nav) by extension 'ignore_ament_install'
[0.953s] Level 1:colcon.colcon_core.package_identification:_identify(src/vis_nav) by extensions ['colcon_pkg']
[0.953s] Level 1:colcon.colcon_core.package_identification:_identify(src/vis_nav) by extension 'colcon_pkg'
[0.953s] Level 1:colcon.colcon_core.package_identification:_identify(src/vis_nav) by extensions ['colcon_meta']
[0.953s] Level 1:colcon.colcon_core.package_identification:_identify(src/vis_nav) by extension 'colcon_meta'
[0.954s] Level 1:colcon.colcon_core.package_identification:_identify(src/vis_nav) by extensions ['ros']
[0.954s] Level 1:colcon.colcon_core.package_identification:_identify(src/vis_nav) by extension 'ros'
[0.956s] DEBUG:colcon.colcon_core.package_identification:Package 'src/vis_nav' with type 'ros.ament_python' and name 'vis_nav'
[0.956s] Level 1:colcon.colcon_core.package_discovery:discover_packages(recursive) using defaults
[0.956s] Level 1:colcon.colcon_core.package_discovery:discover_packages(ignore) discover
[0.956s] Level 1:colcon.colcon_core.package_discovery:discover_packages(ignore) using defaults
[0.956s] Level 1:colcon.colcon_core.package_discovery:discover_packages(path) discover
[0.956s] Level 1:colcon.colcon_core.package_discovery:discover_packages(path) using defaults
[1.039s] Level 1:colcon.colcon_core.package_discovery:discover_packages(prefix_path) check parameters
[1.039s] Level 1:colcon.colcon_core.package_discovery:discover_packages(prefix_path) discover
[1.067s] DEBUG:colcon.colcon_installed_package_information.package_discovery:Found 281 installed packages in /opt/ros/humble
[1.074s] Level 1:colcon.colcon_core.package_discovery:discover_packages(prefix_path) using defaults
[1.147s] Level 5:colcon.colcon_core.verb:set package 'vis_nav' build argument 'cmake_args' from command line to 'None'
[1.147s] Level 5:colcon.colcon_core.verb:set package 'vis_nav' build argument 'cmake_target' from command line to 'None'
[1.147s] Level 5:colcon.colcon_core.verb:set package 'vis_nav' build argument 'cmake_target_skip_unavailable' from command line to 'False'
[1.147s] Level 5:colcon.colcon_core.verb:set package 'vis_nav' build argument 'cmake_clean_cache' from command line to 'False'
[1.147s] Level 5:colcon.colcon_core.verb:set package 'vis_nav' build argument 'cmake_clean_first' from command line to 'False'
[1.147s] Level 5:colcon.colcon_core.verb:set package 'vis_nav' build argument 'cmake_force_configure' from command line to 'False'
[1.147s] Level 5:colcon.colcon_core.verb:set package 'vis_nav' build argument 'ament_cmake_args' from command line to 'None'
[1.147s] Level 5:colcon.colcon_core.verb:set package 'vis_nav' build argument 'catkin_cmake_args' from command line to 'None'
[1.147s] Level 5:colcon.colcon_core.verb:set package 'vis_nav' build argument 'catkin_skip_building_tests' from command line to 'False'
[1.147s] DEBUG:colcon.colcon_core.verb:Building package 'vis_nav' with the following arguments: {'ament_cmake_args': None, 'build_base': '/home/regmed/dregmed/vis_to_nav/build/vis_nav', 'catkin_cmake_args': None, 'catkin_skip_building_tests': False, 'cmake_args': None, 'cmake_clean_cache': False, 'cmake_clean_first': False, 'cmake_force_configure': False, 'cmake_target': None, 'cmake_target_skip_unavailable': False, 'install_base': '/home/regmed/dregmed/vis_to_nav/install/vis_nav', 'merge_install': False, 'path': '/home/regmed/dregmed/vis_to_nav/src/vis_nav', 'symlink_install': True, 'test_result_base': None}
[1.160s] INFO:colcon.colcon_core.executor:Executing jobs using 'parallel' executor
[1.174s] DEBUG:colcon.colcon_parallel_executor.executor.parallel:run_until_complete
[1.174s] INFO:colcon.colcon_ros.task.ament_python.build:Building ROS package in '/home/regmed/dregmed/vis_to_nav/src/vis_nav' with build type 'ament_python'
[1.174s] Level 1:colcon.colcon_core.shell:create_environment_hook('vis_nav', 'ament_prefix_path')
[1.191s] INFO:colcon.colcon_core.plugin_system:Skipping extension 'colcon_core.shell.bat': Not used on non-Windows systems
[1.191s] INFO:colcon.colcon_core.shell:Creating environment hook '/home/regmed/dregmed/vis_to_nav/install/vis_nav/share/vis_nav/hook/ament_prefix_path.ps1'
[1.192s] INFO:colcon.colcon_core.shell:Creating environment descriptor '/home/regmed/dregmed/vis_to_nav/install/vis_nav/share/vis_nav/hook/ament_prefix_path.dsv'
[1.192s] INFO:colcon.colcon_core.shell:Creating environment hook '/home/regmed/dregmed/vis_to_nav/install/vis_nav/share/vis_nav/hook/ament_prefix_path.sh'
[1.207s] INFO:colcon.colcon_core.shell:Skip shell extension 'powershell' for command environment: Not usable outside of PowerShell
[1.207s] DEBUG:colcon.colcon_core.shell:Skip shell extension 'dsv' for command environment
[1.452s] INFO:colcon.colcon_core.task.python.build:Building Python package in '/home/regmed/dregmed/vis_to_nav/src/vis_nav'
[1.466s] INFO:colcon.colcon_core.shell:Skip shell extension 'powershell' for command environment: Not usable outside of PowerShell
[1.466s] DEBUG:colcon.colcon_core.shell:Skip shell extension 'dsv' for command environment
[1.773s] DEBUG:colcon.colcon_core.task.python.build:While undoing a previous installation files outside the Python library path are being ignored: /home/regmed/dregmed/vis_to_nav/install/vis_nav/share/ament_index/resource_index/packages/vis_nav
[1.773s] DEBUG:colcon.colcon_core.task.python.build:While undoing a previous installation files outside the Python library path are being ignored: /home/regmed/dregmed/vis_to_nav/install/vis_nav/share/vis_nav/package.xml
[1.773s] DEBUG:colcon.colcon_core.task.python.build:While undoing a previous installation files outside the Python library path are being ignored: /home/regmed/dregmed/vis_to_nav/install/vis_nav/share/vis_nav/launch/training_simulation.launch.py
[1.773s] DEBUG:colcon.colcon_core.task.python.build:While undoing a previous installation files outside the Python library path are being ignored: /home/regmed/dregmed/vis_to_nav/install/vis_nav/share/vis_nav/launch/robot_state_publisher.launch.py
[1.773s] DEBUG:colcon.colcon_core.task.python.build:While undoing a previous installation files outside the Python library path are being ignored: /home/regmed/dregmed/vis_to_nav/install/vis_nav/share/vis_nav/launch/testing_simulation.launch.py
[1.773s] DEBUG:colcon.colcon_core.task.python.build:While undoing a previous installation files outside the Python library path are being ignored: /home/regmed/dregmed/vis_to_nav/install/vis_nav/lib/vis_nav/depth_image_subscriber.py
[1.773s] DEBUG:colcon.colcon_core.task.python.build:While undoing a previous installation files outside the Python library path are being ignored: /home/regmed/dregmed/vis_to_nav/install/vis_nav/lib/vis_nav/main.py
[1.773s] DEBUG:colcon.colcon_core.task.python.build:While undoing a previous installation files outside the Python library path are being ignored: /home/regmed/dregmed/vis_to_nav/install/vis_nav/lib/vis_nav/testing.py
[1.775s] DEBUG:colcon.colcon_core.event_handler.log_command:Invoking command in '/home/regmed/dregmed/vis_to_nav/build/vis_nav': PYTHONPATH=/home/regmed/dregmed/vis_to_nav/build/vis_nav/prefix_override:/home/regmed/dregmed/vis_to_nav/install/vis_nav/lib/python3.10/site-packages:${PYTHONPATH} /usr/bin/python3 setup.py develop --editable --build-directory /home/regmed/dregmed/vis_to_nav/build/vis_nav/build --no-deps install_data
[2.158s] Level 1:colcon.colcon_core.shell:create_environment_hook('vis_nav', 'pythonpath_develop')
[2.158s] DEBUG:colcon.colcon_core.event_handler.log_command:Invoked command in '/home/regmed/dregmed/vis_to_nav/build/vis_nav' returned '0': PYTHONPATH=/home/regmed/dregmed/vis_to_nav/build/vis_nav/prefix_override:/home/regmed/dregmed/vis_to_nav/install/vis_nav/lib/python3.10/site-packages:${PYTHONPATH} /usr/bin/python3 setup.py develop --editable --build-directory /home/regmed/dregmed/vis_to_nav/build/vis_nav/build --no-deps install_data
[2.173s] INFO:colcon.colcon_core.shell:Creating environment hook '/home/regmed/dregmed/vis_to_nav/build/vis_nav/share/vis_nav/hook/pythonpath_develop.ps1'
[2.174s] INFO:colcon.colcon_core.shell:Creating environment descriptor '/home/regmed/dregmed/vis_to_nav/build/vis_nav/share/vis_nav/hook/pythonpath_develop.dsv'
[2.174s] INFO:colcon.colcon_core.shell:Creating environment hook '/home/regmed/dregmed/vis_to_nav/build/vis_nav/share/vis_nav/hook/pythonpath_develop.sh'
[2.192s] Level 1:colcon.colcon_core.environment:checking '/home/regmed/dregmed/vis_to_nav/install/vis_nav' for CMake module files
[2.193s] Level 1:colcon.colcon_core.environment:checking '/home/regmed/dregmed/vis_to_nav/install/vis_nav' for CMake config files
[2.198s] Level 1:colcon.colcon_core.environment:checking '/home/regmed/dregmed/vis_to_nav/install/vis_nav/lib'
[2.199s] Level 1:colcon.colcon_core.environment:checking '/home/regmed/dregmed/vis_to_nav/install/vis_nav/bin'
[2.199s] Level 1:colcon.colcon_core.environment:checking '/home/regmed/dregmed/vis_to_nav/install/vis_nav/lib/pkgconfig/vis_nav.pc'
[2.199s] Level 1:colcon.colcon_core.environment:checking '/home/regmed/dregmed/vis_to_nav/install/vis_nav/lib/python3.10/site-packages'
[2.199s] Level 1:colcon.colcon_core.shell:create_environment_hook('vis_nav', 'pythonpath')
[2.213s] INFO:colcon.colcon_core.shell:Creating environment hook '/home/regmed/dregmed/vis_to_nav/install/vis_nav/share/vis_nav/hook/pythonpath.ps1'
[2.213s] INFO:colcon.colcon_core.shell:Creating environment descriptor '/home/regmed/dregmed/vis_to_nav/install/vis_nav/share/vis_nav/hook/pythonpath.dsv'
[2.213s] INFO:colcon.colcon_core.shell:Creating environment hook '/home/regmed/dregmed/vis_to_nav/install/vis_nav/share/vis_nav/hook/pythonpath.sh'
[2.214s] Level 1:colcon.colcon_core.environment:checking '/home/regmed/dregmed/vis_to_nav/install/vis_nav/bin'
[2.214s] Level 1:colcon.colcon_core.environment:create_environment_scripts_only(vis_nav)
[2.227s] INFO:colcon.colcon_core.shell:Creating package script '/home/regmed/dregmed/vis_to_nav/install/vis_nav/share/vis_nav/package.ps1'
[2.228s] INFO:colcon.colcon_core.shell:Creating package descriptor '/home/regmed/dregmed/vis_to_nav/install/vis_nav/share/vis_nav/package.dsv'
[2.229s] INFO:colcon.colcon_core.shell:Creating package script '/home/regmed/dregmed/vis_to_nav/install/vis_nav/share/vis_nav/package.sh'
[2.229s] INFO:colcon.colcon_core.shell:Creating package script '/home/regmed/dregmed/vis_to_nav/install/vis_nav/share/vis_nav/package.bash'
[2.230s] INFO:colcon.colcon_core.shell:Creating package script '/home/regmed/dregmed/vis_to_nav/install/vis_nav/share/vis_nav/package.zsh'
[2.231s] Level 1:colcon.colcon_core.environment:create_file_with_runtime_dependencies(/home/regmed/dregmed/vis_to_nav/install/vis_nav/share/colcon-core/packages/vis_nav)
[2.231s] DEBUG:colcon.colcon_parallel_executor.executor.parallel:closing loop
[2.231s] DEBUG:colcon.colcon_parallel_executor.executor.parallel:loop closed
[2.231s] DEBUG:colcon.colcon_parallel_executor.executor.parallel:run_until_complete finished with '0'
[2.231s] DEBUG:colcon.colcon_core.event_reactor:joining thread
[2.250s] INFO:colcon.colcon_core.plugin_system:Skipping extension 'colcon_notification.desktop_notification.terminal_notifier': Not used on non-Darwin systems
[2.250s] INFO:colcon.colcon_core.plugin_system:Skipping extension 'colcon_notification.desktop_notification.win32': Not used on non-Windows systems
[2.250s] INFO:colcon.colcon_notification.desktop_notification:Sending desktop notification using 'notify2'
[2.261s] DEBUG:colcon.colcon_core.event_reactor:joined thread
[2.275s] INFO:colcon.colcon_core.shell:Creating prefix script '/home/regmed/dregmed/vis_to_nav/install/local_setup.ps1'
[2.276s] INFO:colcon.colcon_core.shell:Creating prefix util module '/home/regmed/dregmed/vis_to_nav/install/_local_setup_util_ps1.py'
[2.277s] INFO:colcon.colcon_core.shell:Creating prefix chain script '/home/regmed/dregmed/vis_to_nav/install/setup.ps1'
[2.292s] INFO:colcon.colcon_core.shell:Creating prefix script '/home/regmed/dregmed/vis_to_nav/install/local_setup.sh'
[2.293s] INFO:colcon.colcon_core.shell:Creating prefix util module '/home/regmed/dregmed/vis_to_nav/install/_local_setup_util_sh.py'
[2.293s] INFO:colcon.colcon_core.shell:Creating prefix chain script '/home/regmed/dregmed/vis_to_nav/install/setup.sh'
[2.307s] INFO:colcon.colcon_core.shell:Creating prefix script '/home/regmed/dregmed/vis_to_nav/install/local_setup.bash'
[2.308s] INFO:colcon.colcon_core.shell:Creating prefix chain script '/home/regmed/dregmed/vis_to_nav/install/setup.bash'
[2.322s] INFO:colcon.colcon_core.shell:Creating prefix script '/home/regmed/dregmed/vis_to_nav/install/local_setup.zsh'
[2.322s] INFO:colcon.colcon_core.shell:Creating prefix chain script '/home/regmed/dregmed/vis_to_nav/install/setup.zsh'
