[0.616s] Invoking command in '/home/regmed/dregmed/vis_to_nav/src/vis_nav': PYTHONPATH=/home/regmed/dregmed/vis_to_nav/build/vis_nav/prefix_override:/home/regmed/dregmed/vis_to_nav/install/vis_nav/lib/python3.10/site-packages:${PYTHONPATH} /usr/bin/python3 setup.py egg_info --egg-base ../../build/vis_nav build --build-base /home/regmed/dregmed/vis_to_nav/build/vis_nav/build install --record /home/regmed/dregmed/vis_to_nav/build/vis_nav/install.log --single-version-externally-managed
[0.820s] running egg_info
[0.820s] writing ../../build/vis_nav/vis_nav.egg-info/PKG-INFO
[0.820s] writing dependency_links to ../../build/vis_nav/vis_nav.egg-info/dependency_links.txt
[0.821s] writing entry points to ../../build/vis_nav/vis_nav.egg-info/entry_points.txt
[0.821s] writing requirements to ../../build/vis_nav/vis_nav.egg-info/requires.txt
[0.821s] writing top-level names to ../../build/vis_nav/vis_nav.egg-info/top_level.txt
[0.823s] reading manifest file '../../build/vis_nav/vis_nav.egg-info/SOURCES.txt'
[0.824s] writing manifest file '../../build/vis_nav/vis_nav.egg-info/SOURCES.txt'
[0.824s] running build
[0.824s] running build_py
[0.825s] copying vis_nav/env_lab.py -> /home/regmed/dregmed/vis_to_nav/build/vis_nav/build/lib/vis_nav
[0.825s] running install
[0.826s] running install_lib
[0.827s] copying /home/regmed/dregmed/vis_to_nav/build/vis_nav/build/lib/vis_nav/env_lab.py -> /home/regmed/dregmed/vis_to_nav/install/vis_nav/lib/python3.10/site-packages/vis_nav
[0.828s] byte-compiling /home/regmed/dregmed/vis_to_nav/install/vis_nav/lib/python3.10/site-packages/vis_nav/env_lab.py to env_lab.cpython-310.pyc
[0.832s] running install_data
[0.833s] running install_egg_info
[0.835s] removing '/home/regmed/dregmed/vis_to_nav/install/vis_nav/lib/python3.10/site-packages/vis_nav-0.0.0-py3.10.egg-info' (and everything under it)
[0.835s] Copying ../../build/vis_nav/vis_nav.egg-info to /home/regmed/dregmed/vis_to_nav/install/vis_nav/lib/python3.10/site-packages/vis_nav-0.0.0-py3.10.egg-info
[0.836s] running install_scripts
[0.850s] Installing depth_image_subscriber.py script to /home/regmed/dregmed/vis_to_nav/install/vis_nav/lib/vis_nav
[0.850s] Installing main.py script to /home/regmed/dregmed/vis_to_nav/install/vis_nav/lib/vis_nav
[0.851s] Installing testing.py script to /home/regmed/dregmed/vis_to_nav/install/vis_nav/lib/vis_nav
[0.851s] writing list of installed files to '/home/regmed/dregmed/vis_to_nav/build/vis_nav/install.log'
[0.866s] Invoked command in '/home/regmed/dregmed/vis_to_nav/src/vis_nav' returned '0': PYTHONPATH=/home/regmed/dregmed/vis_to_nav/build/vis_nav/prefix_override:/home/regmed/dregmed/vis_to_nav/install/vis_nav/lib/python3.10/site-packages:${PYTHONPATH} /usr/bin/python3 setup.py egg_info --egg-base ../../build/vis_nav build --build-base /home/regmed/dregmed/vis_to_nav/build/vis_nav/build install --record /home/regmed/dregmed/vis_to_nav/build/vis_nav/install.log --single-version-externally-managed
