[0.638s] Invoking command in '/home/regmed/dregmed/vis_to_nav/src/vis_nav': PYTHONPATH=/home/regmed/dregmed/vis_to_nav/build/vis_nav/prefix_override:/home/regmed/dregmed/vis_to_nav/install/vis_nav/lib/python3.10/site-packages:${PYTHONPATH} /usr/bin/python3 setup.py egg_info --egg-base ../../build/vis_nav build --build-base /home/regmed/dregmed/vis_to_nav/build/vis_nav/build install --record /home/regmed/dregmed/vis_to_nav/build/vis_nav/install.log --single-version-externally-managed
[0.842s] running egg_info
[0.843s] writing ../../build/vis_nav/vis_nav.egg-info/PKG-INFO
[0.843s] writing dependency_links to ../../build/vis_nav/vis_nav.egg-info/dependency_links.txt
[0.843s] writing entry points to ../../build/vis_nav/vis_nav.egg-info/entry_points.txt
[0.843s] writing requirements to ../../build/vis_nav/vis_nav.egg-info/requires.txt
[0.843s] writing top-level names to ../../build/vis_nav/vis_nav.egg-info/top_level.txt
[0.845s] reading manifest file '../../build/vis_nav/vis_nav.egg-info/SOURCES.txt'
[0.845s] writing manifest file '../../build/vis_nav/vis_nav.egg-info/SOURCES.txt'
[0.845s] running build
[0.845s] running build_py
[0.846s] running install
[0.846s] running install_lib
[0.847s] running install_data
[0.848s] running install_egg_info
[0.849s] removing '/home/regmed/dregmed/vis_to_nav/install/vis_nav/lib/python3.10/site-packages/vis_nav-0.0.0-py3.10.egg-info' (and everything under it)
[0.849s] Copying ../../build/vis_nav/vis_nav.egg-info to /home/regmed/dregmed/vis_to_nav/install/vis_nav/lib/python3.10/site-packages/vis_nav-0.0.0-py3.10.egg-info
[0.850s] running install_scripts
[0.863s] Installing depth_image_subscriber.py script to /home/regmed/dregmed/vis_to_nav/install/vis_nav/lib/vis_nav
[0.864s] Installing main.py script to /home/regmed/dregmed/vis_to_nav/install/vis_nav/lib/vis_nav
[0.864s] Installing testing.py script to /home/regmed/dregmed/vis_to_nav/install/vis_nav/lib/vis_nav
[0.864s] writing list of installed files to '/home/regmed/dregmed/vis_to_nav/build/vis_nav/install.log'
[0.879s] Invoked command in '/home/regmed/dregmed/vis_to_nav/src/vis_nav' returned '0': PYTHONPATH=/home/regmed/dregmed/vis_to_nav/build/vis_nav/prefix_override:/home/regmed/dregmed/vis_to_nav/install/vis_nav/lib/python3.10/site-packages:${PYTHONPATH} /usr/bin/python3 setup.py egg_info --egg-base ../../build/vis_nav build --build-base /home/regmed/dregmed/vis_to_nav/build/vis_nav/build install --record /home/regmed/dregmed/vis_to_nav/build/vis_nav/install.log --single-version-externally-managed
