[0.643s] Invoking command in '/home/regmed/dregmed/vis_to_nav/build/vis_nav': PYTHONPATH=/home/regmed/dregmed/vis_to_nav/build/vis_nav/prefix_override:/home/regmed/dregmed/vis_to_nav/install/vis_nav/lib/python3.10/site-packages:${PYTHONPATH} /usr/bin/python3 setup.py develop --editable --build-directory /home/regmed/dregmed/vis_to_nav/build/vis_nav/build --no-deps install_data
[0.873s] running develop
[1.019s] running egg_info
[1.019s] writing vis_nav.egg-info/PKG-INFO
[1.019s] writing dependency_links to vis_nav.egg-info/dependency_links.txt
[1.019s] writing entry points to vis_nav.egg-info/entry_points.txt
[1.020s] writing requirements to vis_nav.egg-info/requires.txt
[1.020s] writing top-level names to vis_nav.egg-info/top_level.txt
[1.021s] reading manifest file 'vis_nav.egg-info/SOURCES.txt'
[1.022s] writing manifest file 'vis_nav.egg-info/SOURCES.txt'
[1.023s] running build_ext
[1.023s] Creating /home/regmed/dregmed/vis_to_nav/install/vis_nav/lib/python3.10/site-packages/vis-nav.egg-link (link to .)
[1.024s] Installing main.py script to /home/regmed/dregmed/vis_to_nav/install/vis_nav/lib/vis_nav
[1.024s] Installing testing.py script to /home/regmed/dregmed/vis_to_nav/install/vis_nav/lib/vis_nav
[1.024s] 
[1.024s] Installed /home/regmed/dregmed/vis_to_nav/build/vis_nav
[1.024s] running install_data
[1.024s] copying launch/training_simulation.launch.py -> /home/regmed/dregmed/vis_to_nav/install/vis_nav/share/vis_nav/launch
[1.025s] copying launch/testing_simulation.launch.py -> /home/regmed/dregmed/vis_to_nav/install/vis_nav/share/vis_nav/launch
[1.046s] Invoked command in '/home/regmed/dregmed/vis_to_nav/build/vis_nav' returned '0': PYTHONPATH=/home/regmed/dregmed/vis_to_nav/build/vis_nav/prefix_override:/home/regmed/dregmed/vis_to_nav/install/vis_nav/lib/python3.10/site-packages:${PYTHONPATH} /usr/bin/python3 setup.py develop --editable --build-directory /home/regmed/dregmed/vis_to_nav/build/vis_nav/build --no-deps install_data
