[0.648s] Invoking command in '/home/regmed/dregmed/vis_to_nav/src/vis_nav': PYTHONPATH=/home/regmed/dregmed/vis_to_nav/build/vis_nav/prefix_override:/home/regmed/dregmed/vis_to_nav/install/vis_nav/lib/python3.10/site-packages:${PYTHONPATH} /usr/bin/python3 setup.py egg_info --egg-base ../../build/vis_nav build --build-base /home/regmed/dregmed/vis_to_nav/build/vis_nav/build install --record /home/regmed/dregmed/vis_to_nav/build/vis_nav/install.log --single-version-externally-managed
[0.854s] running egg_info
[0.855s] writing ../../build/vis_nav/vis_nav.egg-info/PKG-INFO
[0.855s] writing dependency_links to ../../build/vis_nav/vis_nav.egg-info/dependency_links.txt
[0.856s] writing entry points to ../../build/vis_nav/vis_nav.egg-info/entry_points.txt
[0.856s] writing requirements to ../../build/vis_nav/vis_nav.egg-info/requires.txt
[0.856s] writing top-level names to ../../build/vis_nav/vis_nav.egg-info/top_level.txt
[0.857s] reading manifest file '../../build/vis_nav/vis_nav.egg-info/SOURCES.txt'
[0.858s] writing manifest file '../../build/vis_nav/vis_nav.egg-info/SOURCES.txt'
[0.858s] running build
[0.858s] running build_py
[0.859s] running install
[0.859s] running install_lib
[0.861s] running install_data
[0.862s] copying launch/training_simulation.launch.py -> /home/regmed/dregmed/vis_to_nav/install/vis_nav/share/vis_nav/launch
[0.862s] running install_egg_info
[0.864s] removing '/home/regmed/dregmed/vis_to_nav/install/vis_nav/lib/python3.10/site-packages/vis_nav-0.0.0-py3.10.egg-info' (and everything under it)
[0.864s] Copying ../../build/vis_nav/vis_nav.egg-info to /home/regmed/dregmed/vis_to_nav/install/vis_nav/lib/python3.10/site-packages/vis_nav-0.0.0-py3.10.egg-info
[0.865s] running install_scripts
[0.880s] Installing depth_image_subscriber.py script to /home/regmed/dregmed/vis_to_nav/install/vis_nav/lib/vis_nav
[0.880s] Installing main.py script to /home/regmed/dregmed/vis_to_nav/install/vis_nav/lib/vis_nav
[0.881s] Installing testing.py script to /home/regmed/dregmed/vis_to_nav/install/vis_nav/lib/vis_nav
[0.881s] writing list of installed files to '/home/regmed/dregmed/vis_to_nav/build/vis_nav/install.log'
[0.897s] Invoked command in '/home/regmed/dregmed/vis_to_nav/src/vis_nav' returned '0': PYTHONPATH=/home/regmed/dregmed/vis_to_nav/build/vis_nav/prefix_override:/home/regmed/dregmed/vis_to_nav/install/vis_nav/lib/python3.10/site-packages:${PYTHONPATH} /usr/bin/python3 setup.py egg_info --egg-base ../../build/vis_nav build --build-base /home/regmed/dregmed/vis_to_nav/build/vis_nav/build install --record /home/regmed/dregmed/vis_to_nav/build/vis_nav/install.log --single-version-externally-managed
