[0.641s] Invoking command in '/home/regmed/dregmed/vis_to_nav/src/vis_nav': PYTHONPATH=/home/regmed/dregmed/vis_to_nav/build/vis_nav/prefix_override:/home/regmed/dregmed/vis_to_nav/install/vis_nav/lib/python3.10/site-packages:${PYTHONPATH} /usr/bin/python3 setup.py egg_info --egg-base ../../build/vis_nav build --build-base /home/regmed/dregmed/vis_to_nav/build/vis_nav/build install --record /home/regmed/dregmed/vis_to_nav/build/vis_nav/install.log --single-version-externally-managed
[0.860s] running egg_info
[0.860s] writing ../../build/vis_nav/vis_nav.egg-info/PKG-INFO
[0.860s] writing dependency_links to ../../build/vis_nav/vis_nav.egg-info/dependency_links.txt
[0.860s] writing entry points to ../../build/vis_nav/vis_nav.egg-info/entry_points.txt
[0.861s] writing requirements to ../../build/vis_nav/vis_nav.egg-info/requires.txt
[0.861s] writing top-level names to ../../build/vis_nav/vis_nav.egg-info/top_level.txt
[0.862s] reading manifest file '../../build/vis_nav/vis_nav.egg-info/SOURCES.txt'
[0.864s] writing manifest file '../../build/vis_nav/vis_nav.egg-info/SOURCES.txt'
[0.864s] running build
[0.864s] running build_py
[0.865s] running install
[0.865s] running install_lib
[0.867s] running install_data
[0.868s] running install_egg_info
[0.869s] removing '/home/regmed/dregmed/vis_to_nav/install/vis_nav/lib/python3.10/site-packages/vis_nav-0.0.0-py3.10.egg-info' (and everything under it)
[0.869s] Copying ../../build/vis_nav/vis_nav.egg-info to /home/regmed/dregmed/vis_to_nav/install/vis_nav/lib/python3.10/site-packages/vis_nav-0.0.0-py3.10.egg-info
[0.870s] running install_scripts
[0.884s] Installing depth_image_subscriber.py script to /home/regmed/dregmed/vis_to_nav/install/vis_nav/lib/vis_nav
[0.884s] Installing main.py script to /home/regmed/dregmed/vis_to_nav/install/vis_nav/lib/vis_nav
[0.885s] Installing testing.py script to /home/regmed/dregmed/vis_to_nav/install/vis_nav/lib/vis_nav
[0.885s] writing list of installed files to '/home/regmed/dregmed/vis_to_nav/build/vis_nav/install.log'
[0.902s] Invoked command in '/home/regmed/dregmed/vis_to_nav/src/vis_nav' returned '0': PYTHONPATH=/home/regmed/dregmed/vis_to_nav/build/vis_nav/prefix_override:/home/regmed/dregmed/vis_to_nav/install/vis_nav/lib/python3.10/site-packages:${PYTHONPATH} /usr/bin/python3 setup.py egg_info --egg-base ../../build/vis_nav build --build-base /home/regmed/dregmed/vis_to_nav/build/vis_nav/build install --record /home/regmed/dregmed/vis_to_nav/build/vis_nav/install.log --single-version-externally-managed
