[0.627s] Invoking command in '/home/regmed/dregmed/vis_to_nav/src/vis_nav': PYTHONPATH=/home/regmed/dregmed/vis_to_nav/build/vis_nav/prefix_override:/home/regmed/dregmed/vis_to_nav/install/vis_nav/lib/python3.10/site-packages:${PYTHONPATH} /usr/bin/python3 setup.py egg_info --egg-base ../../build/vis_nav build --build-base /home/regmed/dregmed/vis_to_nav/build/vis_nav/build install --record /home/regmed/dregmed/vis_to_nav/build/vis_nav/install.log --single-version-externally-managed
[0.837s] running egg_info
[0.837s] writing ../../build/vis_nav/vis_nav.egg-info/PKG-INFO
[0.838s] writing dependency_links to ../../build/vis_nav/vis_nav.egg-info/dependency_links.txt
[0.838s] writing entry points to ../../build/vis_nav/vis_nav.egg-info/entry_points.txt
[0.838s] writing requirements to ../../build/vis_nav/vis_nav.egg-info/requires.txt
[0.838s] writing top-level names to ../../build/vis_nav/vis_nav.egg-info/top_level.txt
[0.840s] reading manifest file '../../build/vis_nav/vis_nav.egg-info/SOURCES.txt'
[0.840s] writing manifest file '../../build/vis_nav/vis_nav.egg-info/SOURCES.txt'
[0.840s] running build
[0.841s] running build_py
[0.841s] copying vis_nav/testing.py -> /home/regmed/dregmed/vis_to_nav/build/vis_nav/build/lib/vis_nav
[0.841s] running install
[0.842s] running install_lib
[0.843s] copying /home/regmed/dregmed/vis_to_nav/build/vis_nav/build/lib/vis_nav/testing.py -> /home/regmed/dregmed/vis_to_nav/install/vis_nav/lib/python3.10/site-packages/vis_nav
[0.843s] byte-compiling /home/regmed/dregmed/vis_to_nav/install/vis_nav/lib/python3.10/site-packages/vis_nav/testing.py to testing.cpython-310.pyc
[0.844s] running install_data
[0.845s] running install_egg_info
[0.846s] removing '/home/regmed/dregmed/vis_to_nav/install/vis_nav/lib/python3.10/site-packages/vis_nav-0.0.0-py3.10.egg-info' (and everything under it)
[0.846s] Copying ../../build/vis_nav/vis_nav.egg-info to /home/regmed/dregmed/vis_to_nav/install/vis_nav/lib/python3.10/site-packages/vis_nav-0.0.0-py3.10.egg-info
[0.847s] running install_scripts
[0.862s] Installing depth_image_subscriber.py script to /home/regmed/dregmed/vis_to_nav/install/vis_nav/lib/vis_nav
[0.862s] Installing main.py script to /home/regmed/dregmed/vis_to_nav/install/vis_nav/lib/vis_nav
[0.863s] Installing testing.py script to /home/regmed/dregmed/vis_to_nav/install/vis_nav/lib/vis_nav
[0.863s] writing list of installed files to '/home/regmed/dregmed/vis_to_nav/build/vis_nav/install.log'
[0.880s] Invoked command in '/home/regmed/dregmed/vis_to_nav/src/vis_nav' returned '0': PYTHONPATH=/home/regmed/dregmed/vis_to_nav/build/vis_nav/prefix_override:/home/regmed/dregmed/vis_to_nav/install/vis_nav/lib/python3.10/site-packages:${PYTHONPATH} /usr/bin/python3 setup.py egg_info --egg-base ../../build/vis_nav build --build-base /home/regmed/dregmed/vis_to_nav/build/vis_nav/build install --record /home/regmed/dregmed/vis_to_nav/build/vis_nav/install.log --single-version-externally-managed
