[0.674s] Invoking command in '/home/regmed/dregmed/vis_to_nav/src/vis_nav': PYTHONPATH=/home/regmed/dregmed/vis_to_nav/build/vis_nav/prefix_override:/home/regmed/dregmed/vis_to_nav/install/vis_nav/lib/python3.10/site-packages:${PYTHONPATH} /usr/bin/python3 setup.py egg_info --egg-base ../../build/vis_nav build --build-base /home/regmed/dregmed/vis_to_nav/build/vis_nav/build install --record /home/regmed/dregmed/vis_to_nav/build/vis_nav/install.log --single-version-externally-managed
[0.882s] running egg_info
[0.882s] writing ../../build/vis_nav/vis_nav.egg-info/PKG-INFO
[0.882s] writing dependency_links to ../../build/vis_nav/vis_nav.egg-info/dependency_links.txt
[0.882s] writing entry points to ../../build/vis_nav/vis_nav.egg-info/entry_points.txt
[0.883s] writing requirements to ../../build/vis_nav/vis_nav.egg-info/requires.txt
[0.883s] writing top-level names to ../../build/vis_nav/vis_nav.egg-info/top_level.txt
[0.884s] reading manifest file '../../build/vis_nav/vis_nav.egg-info/SOURCES.txt'
[0.885s] writing manifest file '../../build/vis_nav/vis_nav.egg-info/SOURCES.txt'
[0.885s] running build
[0.885s] running build_py
[0.886s] running install
[0.886s] running install_lib
[0.887s] running install_data
[0.888s] copying launch/training_simulation.launch.py -> /home/regmed/dregmed/vis_to_nav/install/vis_nav/share/vis_nav/launch
[0.888s] copying launch/robot_state_publisher.launch.py -> /home/regmed/dregmed/vis_to_nav/install/vis_nav/share/vis_nav/launch
[0.888s] running install_egg_info
[0.889s] removing '/home/regmed/dregmed/vis_to_nav/install/vis_nav/lib/python3.10/site-packages/vis_nav-0.0.0-py3.10.egg-info' (and everything under it)
[0.889s] Copying ../../build/vis_nav/vis_nav.egg-info to /home/regmed/dregmed/vis_to_nav/install/vis_nav/lib/python3.10/site-packages/vis_nav-0.0.0-py3.10.egg-info
[0.890s] running install_scripts
[0.905s] Installing depth_image_subscriber.py script to /home/regmed/dregmed/vis_to_nav/install/vis_nav/lib/vis_nav
[0.905s] Installing main.py script to /home/regmed/dregmed/vis_to_nav/install/vis_nav/lib/vis_nav
[0.905s] Installing testing.py script to /home/regmed/dregmed/vis_to_nav/install/vis_nav/lib/vis_nav
[0.905s] writing list of installed files to '/home/regmed/dregmed/vis_to_nav/build/vis_nav/install.log'
[0.922s] Invoked command in '/home/regmed/dregmed/vis_to_nav/src/vis_nav' returned '0': PYTHONPATH=/home/regmed/dregmed/vis_to_nav/build/vis_nav/prefix_override:/home/regmed/dregmed/vis_to_nav/install/vis_nav/lib/python3.10/site-packages:${PYTHONPATH} /usr/bin/python3 setup.py egg_info --egg-base ../../build/vis_nav build --build-base /home/regmed/dregmed/vis_to_nav/build/vis_nav/build install --record /home/regmed/dregmed/vis_to_nav/build/vis_nav/install.log --single-version-externally-managed
