[0.811s] Invoking command in '/home/regmed/dregmed/vis_to_nav/src/vis_nav': PYTHONPATH=/home/regmed/dregmed/vis_to_nav/build/vis_nav/prefix_override:/home/regmed/dregmed/vis_to_nav/install/vis_nav/lib/python3.10/site-packages:${PYTHONPATH} /usr/bin/python3 setup.py egg_info --egg-base ../../build/vis_nav build --build-base /home/regmed/dregmed/vis_to_nav/build/vis_nav/build install --record /home/regmed/dregmed/vis_to_nav/build/vis_nav/install.log --single-version-externally-managed
[1.080s] running egg_info
[1.081s] writing ../../build/vis_nav/vis_nav.egg-info/PKG-INFO
[1.081s] writing dependency_links to ../../build/vis_nav/vis_nav.egg-info/dependency_links.txt
[1.081s] writing entry points to ../../build/vis_nav/vis_nav.egg-info/entry_points.txt
[1.082s] writing requirements to ../../build/vis_nav/vis_nav.egg-info/requires.txt
[1.082s] writing top-level names to ../../build/vis_nav/vis_nav.egg-info/top_level.txt
[1.084s] reading manifest file '../../build/vis_nav/vis_nav.egg-info/SOURCES.txt'
[1.085s] writing manifest file '../../build/vis_nav/vis_nav.egg-info/SOURCES.txt'
[1.085s] running build
[1.085s] running build_py
[1.086s] running install
[1.086s] running install_lib
[1.087s] running install_data
[1.088s] copying launch/robot_state_publisher.launch.py -> /home/regmed/dregmed/vis_to_nav/install/vis_nav/share/vis_nav/launch
[1.088s] running install_egg_info
[1.089s] removing '/home/regmed/dregmed/vis_to_nav/install/vis_nav/lib/python3.10/site-packages/vis_nav-0.0.0-py3.10.egg-info' (and everything under it)
[1.090s] Copying ../../build/vis_nav/vis_nav.egg-info to /home/regmed/dregmed/vis_to_nav/install/vis_nav/lib/python3.10/site-packages/vis_nav-0.0.0-py3.10.egg-info
[1.090s] running install_scripts
[1.108s] Installing depth_image_subscriber.py script to /home/regmed/dregmed/vis_to_nav/install/vis_nav/lib/vis_nav
[1.108s] Installing main.py script to /home/regmed/dregmed/vis_to_nav/install/vis_nav/lib/vis_nav
[1.108s] Installing testing.py script to /home/regmed/dregmed/vis_to_nav/install/vis_nav/lib/vis_nav
[1.108s] writing list of installed files to '/home/regmed/dregmed/vis_to_nav/build/vis_nav/install.log'
[1.141s] Invoked command in '/home/regmed/dregmed/vis_to_nav/src/vis_nav' returned '0': PYTHONPATH=/home/regmed/dregmed/vis_to_nav/build/vis_nav/prefix_override:/home/regmed/dregmed/vis_to_nav/install/vis_nav/lib/python3.10/site-packages:${PYTHONPATH} /usr/bin/python3 setup.py egg_info --egg-base ../../build/vis_nav build --build-base /home/regmed/dregmed/vis_to_nav/build/vis_nav/build install --record /home/regmed/dregmed/vis_to_nav/build/vis_nav/install.log --single-version-externally-managed
