[0.953s] DEBUG:colcon:Command line arguments: ['/usr/bin/colcon', 'build', '--symlink-install']
[0.953s] DEBUG:colcon:Parsed command line arguments: Namespace(log_base=None, log_level=None, verb_name='build', build_base='build', install_base='install', merge_install=False, symlink_install=True, test_result_base=None, continue_on_error=False, executor='parallel', parallel_workers=12, event_handlers=None, ignore_user_meta=False, metas=['./colcon.meta'], base_paths=['.'], packages_ignore=None, packages_ignore_regex=None, paths=None, packages_up_to=None, packages_up_to_regex=None, packages_above=None, packages_above_and_dependencies=None, packages_above_depth=None, packages_select_by_dep=None, packages_skip_by_dep=None, packages_skip_up_to=None, packages_select_build_failed=False, packages_skip_build_finished=False, packages_select_test_failures=False, packages_skip_test_passed=False, packages_select=None, packages_skip=None, packages_select_regex=None, packages_skip_regex=None, packages_start=None, packages_end=None, allow_overriding=[], cmake_args=None, cmake_target=None, cmake_target_skip_unavailable=False, cmake_clean_cache=False, cmake_clean_first=False, cmake_force_configure=False, ament_cmake_args=None, catkin_cmake_args=None, catkin_skip_building_tests=False, verb_parser=<colcon_defaults.argument_parser.defaults.DefaultArgumentsDecorator object at 0x7b3fab23ae00>, verb_extension=<colcon_core.verb.build.BuildVerb object at 0x7b3fab238670>, main=<bound method BuildVerb.main of <colcon_core.verb.build.BuildVerb object at 0x7b3fab238670>>)
[0.993s] Level 1:colcon.colcon_core.package_discovery:discover_packages(colcon_meta) check parameters
[0.993s] Level 1:colcon.colcon_core.package_discovery:discover_packages(recursive) check parameters
[0.993s] Level 1:colcon.colcon_core.package_discovery:discover_packages(ignore) check parameters
[0.993s] Level 1:colcon.colcon_core.package_discovery:discover_packages(path) check parameters
[0.993s] Level 1:colcon.colcon_core.package_discovery:discover_packages(colcon_meta) discover
[0.993s] Level 1:colcon.colcon_core.package_discovery:discover_packages(recursive) discover
[0.993s] INFO:colcon.colcon_core.package_discovery:Crawling recursively for packages in '/home/regmed/dregmed/vis_to_nav'
[0.994s] Level 1:colcon.colcon_core.package_identification:_identify(.) by extensions ['ignore', 'ignore_ament_install']
[0.994s] Level 1:colcon.colcon_core.package_identification:_identify(.) by extension 'ignore'
[0.994s] Level 1:colcon.colcon_core.package_identification:_identify(.) by extension 'ignore_ament_install'
[0.994s] Level 1:colcon.colcon_core.package_identification:_identify(.) by extensions ['colcon_pkg']
[0.994s] Level 1:colcon.colcon_core.package_identification:_identify(.) by extension 'colcon_pkg'
[0.994s] Level 1:colcon.colcon_core.package_identification:_identify(.) by extensions ['colcon_meta']
[0.994s] Level 1:colcon.colcon_core.package_identification:_identify(.) by extension 'colcon_meta'
[0.994s] Level 1:colcon.colcon_core.package_identification:_identify(.) by extensions ['ros']
[0.994s] Level 1:colcon.colcon_core.package_identification:_identify(.) by extension 'ros'
[1.002s] Level 1:colcon.colcon_core.package_identification:_identify(.) by extensions ['cmake', 'python']
[1.002s] Level 1:colcon.colcon_core.package_identification:_identify(.) by extension 'cmake'
[1.002s] Level 1:colcon.colcon_core.package_identification:_identify(.) by extension 'python'
[1.003s] Level 1:colcon.colcon_core.package_identification:_identify(.) by extensions ['python_setup_py']
[1.003s] Level 1:colcon.colcon_core.package_identification:_identify(.) by extension 'python_setup_py'
[1.003s] Level 1:colcon.colcon_core.package_identification:_identify(build) by extensions ['ignore', 'ignore_ament_install']
[1.003s] Level 1:colcon.colcon_core.package_identification:_identify(build) by extension 'ignore'
[1.003s] Level 1:colcon.colcon_core.package_identification:_identify(build) ignored
[1.003s] Level 1:colcon.colcon_core.package_identification:_identify(final_curves) by extensions ['ignore', 'ignore_ament_install']
[1.003s] Level 1:colcon.colcon_core.package_identification:_identify(final_curves) by extension 'ignore'
[1.003s] Level 1:colcon.colcon_core.package_identification:_identify(final_curves) by extension 'ignore_ament_install'
[1.003s] Level 1:colcon.colcon_core.package_identification:_identify(final_curves) by extensions ['colcon_pkg']
[1.003s] Level 1:colcon.colcon_core.package_identification:_identify(final_curves) by extension 'colcon_pkg'
[1.003s] Level 1:colcon.colcon_core.package_identification:_identify(final_curves) by extensions ['colcon_meta']
[1.003s] Level 1:colcon.colcon_core.package_identification:_identify(final_curves) by extension 'colcon_meta'
[1.003s] Level 1:colcon.colcon_core.package_identification:_identify(final_curves) by extensions ['ros']
[1.003s] Level 1:colcon.colcon_core.package_identification:_identify(final_curves) by extension 'ros'
[1.003s] Level 1:colcon.colcon_core.package_identification:_identify(final_curves) by extensions ['cmake', 'python']
[1.003s] Level 1:colcon.colcon_core.package_identification:_identify(final_curves) by extension 'cmake'
[1.003s] Level 1:colcon.colcon_core.package_identification:_identify(final_curves) by extension 'python'
[1.004s] Level 1:colcon.colcon_core.package_identification:_identify(final_curves) by extensions ['python_setup_py']
[1.004s] Level 1:colcon.colcon_core.package_identification:_identify(final_curves) by extension 'python_setup_py'
[1.004s] Level 1:colcon.colcon_core.package_identification:_identify(final_models) by extensions ['ignore', 'ignore_ament_install']
[1.004s] Level 1:colcon.colcon_core.package_identification:_identify(final_models) by extension 'ignore'
[1.004s] Level 1:colcon.colcon_core.package_identification:_identify(final_models) by extension 'ignore_ament_install'
[1.004s] Level 1:colcon.colcon_core.package_identification:_identify(final_models) by extensions ['colcon_pkg']
[1.004s] Level 1:colcon.colcon_core.package_identification:_identify(final_models) by extension 'colcon_pkg'
[1.004s] Level 1:colcon.colcon_core.package_identification:_identify(final_models) by extensions ['colcon_meta']
[1.004s] Level 1:colcon.colcon_core.package_identification:_identify(final_models) by extension 'colcon_meta'
[1.004s] Level 1:colcon.colcon_core.package_identification:_identify(final_models) by extensions ['ros']
[1.004s] Level 1:colcon.colcon_core.package_identification:_identify(final_models) by extension 'ros'
[1.004s] Level 1:colcon.colcon_core.package_identification:_identify(final_models) by extensions ['cmake', 'python']
[1.004s] Level 1:colcon.colcon_core.package_identification:_identify(final_models) by extension 'cmake'
[1.004s] Level 1:colcon.colcon_core.package_identification:_identify(final_models) by extension 'python'
[1.004s] Level 1:colcon.colcon_core.package_identification:_identify(final_models) by extensions ['python_setup_py']
[1.004s] Level 1:colcon.colcon_core.package_identification:_identify(final_models) by extension 'python_setup_py'
[1.004s] Level 1:colcon.colcon_core.package_identification:_identify(install) by extensions ['ignore', 'ignore_ament_install']
[1.004s] Level 1:colcon.colcon_core.package_identification:_identify(install) by extension 'ignore'
[1.004s] Level 1:colcon.colcon_core.package_identification:_identify(install) ignored
[1.005s] Level 1:colcon.colcon_core.package_identification:_identify(log) by extensions ['ignore', 'ignore_ament_install']
[1.005s] Level 1:colcon.colcon_core.package_identification:_identify(log) by extension 'ignore'
[1.005s] Level 1:colcon.colcon_core.package_identification:_identify(log) ignored
[1.005s] Level 1:colcon.colcon_core.package_identification:_identify(results) by extensions ['ignore', 'ignore_ament_install']
[1.005s] Level 1:colcon.colcon_core.package_identification:_identify(results) by extension 'ignore'
[1.005s] Level 1:colcon.colcon_core.package_identification:_identify(results) by extension 'ignore_ament_install'
[1.005s] Level 1:colcon.colcon_core.package_identification:_identify(results) by extensions ['colcon_pkg']
[1.005s] Level 1:colcon.colcon_core.package_identification:_identify(results) by extension 'colcon_pkg'
[1.005s] Level 1:colcon.colcon_core.package_identification:_identify(results) by extensions ['colcon_meta']
[1.005s] Level 1:colcon.colcon_core.package_identification:_identify(results) by extension 'colcon_meta'
[1.005s] Level 1:colcon.colcon_core.package_identification:_identify(results) by extensions ['ros']
[1.005s] Level 1:colcon.colcon_core.package_identification:_identify(results) by extension 'ros'
[1.005s] Level 1:colcon.colcon_core.package_identification:_identify(results) by extensions ['cmake', 'python']
[1.005s] Level 1:colcon.colcon_core.package_identification:_identify(results) by extension 'cmake'
[1.005s] Level 1:colcon.colcon_core.package_identification:_identify(results) by extension 'python'
[1.006s] Level 1:colcon.colcon_core.package_identification:_identify(results) by extensions ['python_setup_py']
[1.006s] Level 1:colcon.colcon_core.package_identification:_identify(results) by extension 'python_setup_py'
[1.006s] Level 1:colcon.colcon_core.package_identification:_identify(src) by extensions ['ignore', 'ignore_ament_install']
[1.006s] Level 1:colcon.colcon_core.package_identification:_identify(src) by extension 'ignore'
[1.006s] Level 1:colcon.colcon_core.package_identification:_identify(src) by extension 'ignore_ament_install'
[1.006s] Level 1:colcon.colcon_core.package_identification:_identify(src) by extensions ['colcon_pkg']
[1.006s] Level 1:colcon.colcon_core.package_identification:_identify(src) by extension 'colcon_pkg'
[1.006s] Level 1:colcon.colcon_core.package_identification:_identify(src) by extensions ['colcon_meta']
[1.006s] Level 1:colcon.colcon_core.package_identification:_identify(src) by extension 'colcon_meta'
[1.006s] Level 1:colcon.colcon_core.package_identification:_identify(src) by extensions ['ros']
[1.006s] Level 1:colcon.colcon_core.package_identification:_identify(src) by extension 'ros'
[1.006s] Level 1:colcon.colcon_core.package_identification:_identify(src) by extensions ['cmake', 'python']
[1.006s] Level 1:colcon.colcon_core.package_identification:_identify(src) by extension 'cmake'
[1.006s] Level 1:colcon.colcon_core.package_identification:_identify(src) by extension 'python'
[1.006s] Level 1:colcon.colcon_core.package_identification:_identify(src) by extensions ['python_setup_py']
[1.006s] Level 1:colcon.colcon_core.package_identification:_identify(src) by extension 'python_setup_py'
[1.006s] Level 1:colcon.colcon_core.package_identification:_identify(src/vis_nav) by extensions ['ignore', 'ignore_ament_install']
[1.006s] Level 1:colcon.colcon_core.package_identification:_identify(src/vis_nav) by extension 'ignore'
[1.006s] Level 1:colcon.colcon_core.package_identification:_identify(src/vis_nav) by extension 'ignore_ament_install'
[1.006s] Level 1:colcon.colcon_core.package_identification:_identify(src/vis_nav) by extensions ['colcon_pkg']
[1.006s] Level 1:colcon.colcon_core.package_identification:_identify(src/vis_nav) by extension 'colcon_pkg'
[1.006s] Level 1:colcon.colcon_core.package_identification:_identify(src/vis_nav) by extensions ['colcon_meta']
[1.006s] Level 1:colcon.colcon_core.package_identification:_identify(src/vis_nav) by extension 'colcon_meta'
[1.006s] Level 1:colcon.colcon_core.package_identification:_identify(src/vis_nav) by extensions ['ros']
[1.007s] Level 1:colcon.colcon_core.package_identification:_identify(src/vis_nav) by extension 'ros'
[1.008s] DEBUG:colcon.colcon_core.package_identification:Package 'src/vis_nav' with type 'ros.ament_python' and name 'vis_nav'
[1.008s] Level 1:colcon.colcon_core.package_discovery:discover_packages(recursive) using defaults
[1.008s] Level 1:colcon.colcon_core.package_discovery:discover_packages(ignore) discover
[1.009s] Level 1:colcon.colcon_core.package_discovery:discover_packages(ignore) using defaults
[1.009s] Level 1:colcon.colcon_core.package_discovery:discover_packages(path) discover
[1.009s] Level 1:colcon.colcon_core.package_discovery:discover_packages(path) using defaults
[1.093s] Level 1:colcon.colcon_core.package_discovery:discover_packages(prefix_path) check parameters
[1.093s] Level 1:colcon.colcon_core.package_discovery:discover_packages(prefix_path) discover
[1.121s] DEBUG:colcon.colcon_installed_package_information.package_discovery:Found 1 installed packages in /home/regmed/dregmed/vis_to_nav/install
[1.142s] DEBUG:colcon.colcon_installed_package_information.package_discovery:Found 281 installed packages in /opt/ros/humble
[1.143s] Level 1:colcon.colcon_core.package_discovery:discover_packages(prefix_path) using defaults
[1.222s] Level 5:colcon.colcon_core.verb:set package 'vis_nav' build argument 'cmake_args' from command line to 'None'
[1.222s] Level 5:colcon.colcon_core.verb:set package 'vis_nav' build argument 'cmake_target' from command line to 'None'
[1.222s] Level 5:colcon.colcon_core.verb:set package 'vis_nav' build argument 'cmake_target_skip_unavailable' from command line to 'False'
[1.222s] Level 5:colcon.colcon_core.verb:set package 'vis_nav' build argument 'cmake_clean_cache' from command line to 'False'
[1.222s] Level 5:colcon.colcon_core.verb:set package 'vis_nav' build argument 'cmake_clean_first' from command line to 'False'
[1.222s] Level 5:colcon.colcon_core.verb:set package 'vis_nav' build argument 'cmake_force_configure' from command line to 'False'
[1.222s] Level 5:colcon.colcon_core.verb:set package 'vis_nav' build argument 'ament_cmake_args' from command line to 'None'
[1.222s] Level 5:colcon.colcon_core.verb:set package 'vis_nav' build argument 'catkin_cmake_args' from command line to 'None'
[1.222s] Level 5:colcon.colcon_core.verb:set package 'vis_nav' build argument 'catkin_skip_building_tests' from command line to 'False'
[1.222s] DEBUG:colcon.colcon_core.verb:Building package 'vis_nav' with the following arguments: {'ament_cmake_args': None, 'build_base': '/home/regmed/dregmed/vis_to_nav/build/vis_nav', 'catkin_cmake_args': None, 'catkin_skip_building_tests': False, 'cmake_args': None, 'cmake_clean_cache': False, 'cmake_clean_first': False, 'cmake_force_configure': False, 'cmake_target': None, 'cmake_target_skip_unavailable': False, 'install_base': '/home/regmed/dregmed/vis_to_nav/install/vis_nav', 'merge_install': False, 'path': '/home/regmed/dregmed/vis_to_nav/src/vis_nav', 'symlink_install': True, 'test_result_base': None}
[1.236s] INFO:colcon.colcon_core.executor:Executing jobs using 'parallel' executor
[1.250s] DEBUG:colcon.colcon_parallel_executor.executor.parallel:run_until_complete
[1.250s] INFO:colcon.colcon_ros.task.ament_python.build:Building ROS package in '/home/regmed/dregmed/vis_to_nav/src/vis_nav' with build type 'ament_python'
[1.250s] Level 1:colcon.colcon_core.shell:create_environment_hook('vis_nav', 'ament_prefix_path')
[1.266s] INFO:colcon.colcon_core.plugin_system:Skipping extension 'colcon_core.shell.bat': Not used on non-Windows systems
[1.266s] INFO:colcon.colcon_core.shell:Creating environment hook '/home/regmed/dregmed/vis_to_nav/install/vis_nav/share/vis_nav/hook/ament_prefix_path.ps1'
[1.266s] INFO:colcon.colcon_core.shell:Creating environment descriptor '/home/regmed/dregmed/vis_to_nav/install/vis_nav/share/vis_nav/hook/ament_prefix_path.dsv'
[1.267s] INFO:colcon.colcon_core.shell:Creating environment hook '/home/regmed/dregmed/vis_to_nav/install/vis_nav/share/vis_nav/hook/ament_prefix_path.sh'
[1.282s] INFO:colcon.colcon_core.shell:Skip shell extension 'powershell' for command environment: Not usable outside of PowerShell
[1.282s] DEBUG:colcon.colcon_core.shell:Skip shell extension 'dsv' for command environment
[1.574s] INFO:colcon.colcon_core.task.python.build:Building Python package in '/home/regmed/dregmed/vis_to_nav/src/vis_nav'
[1.589s] INFO:colcon.colcon_core.shell:Skip shell extension 'powershell' for command environment: Not usable outside of PowerShell
[1.589s] DEBUG:colcon.colcon_core.shell:Skip shell extension 'dsv' for command environment
[1.912s] DEBUG:colcon.colcon_core.event_handler.log_command:Invoking command in '/home/regmed/dregmed/vis_to_nav/build/vis_nav': PYTHONPATH=/home/regmed/dregmed/vis_to_nav/build/vis_nav/prefix_override:/home/regmed/dregmed/vis_to_nav/install/vis_nav/lib/python3.10/site-packages:${PYTHONPATH} /usr/bin/python3 setup.py develop --editable --build-directory /home/regmed/dregmed/vis_to_nav/build/vis_nav/build --no-deps install_data
[2.315s] Level 1:colcon.colcon_core.shell:create_environment_hook('vis_nav', 'pythonpath_develop')
[2.315s] DEBUG:colcon.colcon_core.event_handler.log_command:Invoked command in '/home/regmed/dregmed/vis_to_nav/build/vis_nav' returned '0': PYTHONPATH=/home/regmed/dregmed/vis_to_nav/build/vis_nav/prefix_override:/home/regmed/dregmed/vis_to_nav/install/vis_nav/lib/python3.10/site-packages:${PYTHONPATH} /usr/bin/python3 setup.py develop --editable --build-directory /home/regmed/dregmed/vis_to_nav/build/vis_nav/build --no-deps install_data
[2.329s] INFO:colcon.colcon_core.shell:Creating environment hook '/home/regmed/dregmed/vis_to_nav/build/vis_nav/share/vis_nav/hook/pythonpath_develop.ps1'
[2.329s] INFO:colcon.colcon_core.shell:Creating environment descriptor '/home/regmed/dregmed/vis_to_nav/build/vis_nav/share/vis_nav/hook/pythonpath_develop.dsv'
[2.330s] INFO:colcon.colcon_core.shell:Creating environment hook '/home/regmed/dregmed/vis_to_nav/build/vis_nav/share/vis_nav/hook/pythonpath_develop.sh'
[2.345s] Level 1:colcon.colcon_core.environment:checking '/home/regmed/dregmed/vis_to_nav/install/vis_nav' for CMake module files
[2.346s] Level 1:colcon.colcon_core.environment:checking '/home/regmed/dregmed/vis_to_nav/install/vis_nav' for CMake config files
[2.347s] Level 1:colcon.colcon_core.environment:checking '/home/regmed/dregmed/vis_to_nav/install/vis_nav/lib'
[2.347s] Level 1:colcon.colcon_core.environment:checking '/home/regmed/dregmed/vis_to_nav/install/vis_nav/bin'
[2.347s] Level 1:colcon.colcon_core.environment:checking '/home/regmed/dregmed/vis_to_nav/install/vis_nav/lib/pkgconfig/vis_nav.pc'
[2.347s] Level 1:colcon.colcon_core.environment:checking '/home/regmed/dregmed/vis_to_nav/install/vis_nav/lib/python3.10/site-packages'
[2.347s] Level 1:colcon.colcon_core.shell:create_environment_hook('vis_nav', 'pythonpath')
[2.362s] INFO:colcon.colcon_core.shell:Creating environment hook '/home/regmed/dregmed/vis_to_nav/install/vis_nav/share/vis_nav/hook/pythonpath.ps1'
[2.362s] INFO:colcon.colcon_core.shell:Creating environment descriptor '/home/regmed/dregmed/vis_to_nav/install/vis_nav/share/vis_nav/hook/pythonpath.dsv'
[2.363s] INFO:colcon.colcon_core.shell:Creating environment hook '/home/regmed/dregmed/vis_to_nav/install/vis_nav/share/vis_nav/hook/pythonpath.sh'
[2.363s] Level 1:colcon.colcon_core.environment:checking '/home/regmed/dregmed/vis_to_nav/install/vis_nav/bin'
[2.363s] Level 1:colcon.colcon_core.environment:create_environment_scripts_only(vis_nav)
[2.378s] INFO:colcon.colcon_core.shell:Creating package script '/home/regmed/dregmed/vis_to_nav/install/vis_nav/share/vis_nav/package.ps1'
[2.378s] INFO:colcon.colcon_core.shell:Creating package descriptor '/home/regmed/dregmed/vis_to_nav/install/vis_nav/share/vis_nav/package.dsv'
[2.379s] INFO:colcon.colcon_core.shell:Creating package script '/home/regmed/dregmed/vis_to_nav/install/vis_nav/share/vis_nav/package.sh'
[2.379s] INFO:colcon.colcon_core.shell:Creating package script '/home/regmed/dregmed/vis_to_nav/install/vis_nav/share/vis_nav/package.bash'
[2.380s] INFO:colcon.colcon_core.shell:Creating package script '/home/regmed/dregmed/vis_to_nav/install/vis_nav/share/vis_nav/package.zsh'
[2.380s] Level 1:colcon.colcon_core.environment:create_file_with_runtime_dependencies(/home/regmed/dregmed/vis_to_nav/install/vis_nav/share/colcon-core/packages/vis_nav)
[2.381s] DEBUG:colcon.colcon_parallel_executor.executor.parallel:closing loop
[2.381s] DEBUG:colcon.colcon_parallel_executor.executor.parallel:loop closed
[2.381s] DEBUG:colcon.colcon_parallel_executor.executor.parallel:run_until_complete finished with '0'
[2.381s] DEBUG:colcon.colcon_core.event_reactor:joining thread
[2.399s] INFO:colcon.colcon_core.plugin_system:Skipping extension 'colcon_notification.desktop_notification.terminal_notifier': Not used on non-Darwin systems
[2.399s] INFO:colcon.colcon_core.plugin_system:Skipping extension 'colcon_notification.desktop_notification.win32': Not used on non-Windows systems
[2.399s] INFO:colcon.colcon_notification.desktop_notification:Sending desktop notification using 'notify2'
[2.408s] DEBUG:colcon.colcon_core.event_reactor:joined thread
[2.423s] INFO:colcon.colcon_core.shell:Creating prefix script '/home/regmed/dregmed/vis_to_nav/install/local_setup.ps1'
[2.424s] INFO:colcon.colcon_core.shell:Creating prefix util module '/home/regmed/dregmed/vis_to_nav/install/_local_setup_util_ps1.py'
[2.425s] INFO:colcon.colcon_core.shell:Creating prefix chain script '/home/regmed/dregmed/vis_to_nav/install/setup.ps1'
[2.440s] INFO:colcon.colcon_core.shell:Creating prefix script '/home/regmed/dregmed/vis_to_nav/install/local_setup.sh'
[2.441s] INFO:colcon.colcon_core.shell:Creating prefix util module '/home/regmed/dregmed/vis_to_nav/install/_local_setup_util_sh.py'
[2.441s] INFO:colcon.colcon_core.shell:Creating prefix chain script '/home/regmed/dregmed/vis_to_nav/install/setup.sh'
[2.459s] INFO:colcon.colcon_core.shell:Creating prefix script '/home/regmed/dregmed/vis_to_nav/install/local_setup.bash'
[2.459s] INFO:colcon.colcon_core.shell:Creating prefix chain script '/home/regmed/dregmed/vis_to_nav/install/setup.bash'
[2.475s] INFO:colcon.colcon_core.shell:Creating prefix script '/home/regmed/dregmed/vis_to_nav/install/local_setup.zsh'
[2.475s] INFO:colcon.colcon_core.shell:Creating prefix chain script '/home/regmed/dregmed/vis_to_nav/install/setup.zsh'
