running egg_info
creating ../../build/vis_nav/vis_nav.egg-info
writing ../../build/vis_nav/vis_nav.egg-info/PKG-INFO
writing dependency_links to ../../build/vis_nav/vis_nav.egg-info/dependency_links.txt
writing entry points to ../../build/vis_nav/vis_nav.egg-info/entry_points.txt
writing requirements to ../../build/vis_nav/vis_nav.egg-info/requires.txt
writing top-level names to ../../build/vis_nav/vis_nav.egg-info/top_level.txt
writing manifest file '../../build/vis_nav/vis_nav.egg-info/SOURCES.txt'
reading manifest file '../../build/vis_nav/vis_nav.egg-info/SOURCES.txt'
writing manifest file '../../build/vis_nav/vis_nav.egg-info/SOURCES.txt'
running build
running build_py
creating /home/regmed/dregmed/vis_to_nav/build/vis_nav/build
creating /home/regmed/dregmed/vis_to_nav/build/vis_nav/build/lib
creating /home/regmed/dregmed/vis_to_nav/build/vis_nav/build/lib/vis_nav
copying vis_nav/__init__.py -> /home/regmed/dregmed/vis_to_nav/build/vis_nav/build/lib/vis_nav
running install
running install_lib
creating /home/regmed/dregmed/vis_to_nav/install/vis_nav/lib/python3.10/site-packages/vis_nav
copying /home/regmed/dregmed/vis_to_nav/build/vis_nav/build/lib/vis_nav/__init__.py -> /home/regmed/dregmed/vis_to_nav/install/vis_nav/lib/python3.10/site-packages/vis_nav
byte-compiling /home/regmed/dregmed/vis_to_nav/install/vis_nav/lib/python3.10/site-packages/vis_nav/__init__.py to __init__.cpython-310.pyc
running install_data
creating /home/regmed/dregmed/vis_to_nav/install/vis_nav/share/ament_index
creating /home/regmed/dregmed/vis_to_nav/install/vis_nav/share/ament_index/resource_index
creating /home/regmed/dregmed/vis_to_nav/install/vis_nav/share/ament_index/resource_index/packages
copying resource/vis_nav -> /home/regmed/dregmed/vis_to_nav/install/vis_nav/share/ament_index/resource_index/packages
copying package.xml -> /home/regmed/dregmed/vis_to_nav/install/vis_nav/share/vis_nav
running install_egg_info
Copying ../../build/vis_nav/vis_nav.egg-info to /home/regmed/dregmed/vis_to_nav/install/vis_nav/lib/python3.10/site-packages/vis_nav-0.0.0-py3.10.egg-info
running install_scripts
writing list of installed files to '/home/regmed/dregmed/vis_to_nav/build/vis_nav/install.log'
