[0.591s] Invoking command in '/home/regmed/dregmed/vis_to_nav/src/vis_nav': PYTHONPATH=/home/regmed/dregmed/vis_to_nav/build/vis_nav/prefix_override:/home/regmed/dregmed/vis_to_nav/install/vis_nav/lib/python3.10/site-packages:${PYTHONPATH} /usr/bin/python3 setup.py egg_info --egg-base ../../build/vis_nav build --build-base /home/regmed/dregmed/vis_to_nav/build/vis_nav/build install --record /home/regmed/dregmed/vis_to_nav/build/vis_nav/install.log --single-version-externally-managed
[0.798s] running egg_info
[0.798s] creating ../../build/vis_nav/vis_nav.egg-info
[0.798s] writing ../../build/vis_nav/vis_nav.egg-info/PKG-INFO
[0.799s] writing dependency_links to ../../build/vis_nav/vis_nav.egg-info/dependency_links.txt
[0.799s] writing entry points to ../../build/vis_nav/vis_nav.egg-info/entry_points.txt
[0.799s] writing requirements to ../../build/vis_nav/vis_nav.egg-info/requires.txt
[0.799s] writing top-level names to ../../build/vis_nav/vis_nav.egg-info/top_level.txt
[0.799s] writing manifest file '../../build/vis_nav/vis_nav.egg-info/SOURCES.txt'
[0.800s] reading manifest file '../../build/vis_nav/vis_nav.egg-info/SOURCES.txt'
[0.800s] writing manifest file '../../build/vis_nav/vis_nav.egg-info/SOURCES.txt'
[0.800s] running build
[0.800s] running build_py
[0.801s] creating /home/regmed/dregmed/vis_to_nav/build/vis_nav/build
[0.801s] creating /home/regmed/dregmed/vis_to_nav/build/vis_nav/build/lib
[0.801s] creating /home/regmed/dregmed/vis_to_nav/build/vis_nav/build/lib/vis_nav
[0.801s] copying vis_nav/__init__.py -> /home/regmed/dregmed/vis_to_nav/build/vis_nav/build/lib/vis_nav
[0.801s] running install
[0.801s] running install_lib
[0.802s] creating /home/regmed/dregmed/vis_to_nav/install/vis_nav/lib/python3.10/site-packages/vis_nav
[0.802s] copying /home/regmed/dregmed/vis_to_nav/build/vis_nav/build/lib/vis_nav/__init__.py -> /home/regmed/dregmed/vis_to_nav/install/vis_nav/lib/python3.10/site-packages/vis_nav
[0.802s] byte-compiling /home/regmed/dregmed/vis_to_nav/install/vis_nav/lib/python3.10/site-packages/vis_nav/__init__.py to __init__.cpython-310.pyc
[0.802s] running install_data
[0.803s] creating /home/regmed/dregmed/vis_to_nav/install/vis_nav/share/ament_index
[0.803s] creating /home/regmed/dregmed/vis_to_nav/install/vis_nav/share/ament_index/resource_index
[0.803s] creating /home/regmed/dregmed/vis_to_nav/install/vis_nav/share/ament_index/resource_index/packages
[0.803s] copying resource/vis_nav -> /home/regmed/dregmed/vis_to_nav/install/vis_nav/share/ament_index/resource_index/packages
[0.803s] copying package.xml -> /home/regmed/dregmed/vis_to_nav/install/vis_nav/share/vis_nav
[0.803s] running install_egg_info
[0.804s] Copying ../../build/vis_nav/vis_nav.egg-info to /home/regmed/dregmed/vis_to_nav/install/vis_nav/lib/python3.10/site-packages/vis_nav-0.0.0-py3.10.egg-info
[0.805s] running install_scripts
[0.818s] writing list of installed files to '/home/regmed/dregmed/vis_to_nav/build/vis_nav/install.log'
[0.834s] Invoked command in '/home/regmed/dregmed/vis_to_nav/src/vis_nav' returned '0': PYTHONPATH=/home/regmed/dregmed/vis_to_nav/build/vis_nav/prefix_override:/home/regmed/dregmed/vis_to_nav/install/vis_nav/lib/python3.10/site-packages:${PYTHONPATH} /usr/bin/python3 setup.py egg_info --egg-base ../../build/vis_nav build --build-base /home/regmed/dregmed/vis_to_nav/build/vis_nav/build install --record /home/regmed/dregmed/vis_to_nav/build/vis_nav/install.log --single-version-externally-managed
