[2.072s] DEBUG:colcon:Command line arguments: ['/usr/bin/colcon', 'build', '--symlink-install']
[2.073s] DEBUG:colcon:Parsed command line arguments: Namespace(log_base=None, log_level=None, verb_name='build', build_base='build', install_base='install', merge_install=False, symlink_install=True, test_result_base=None, continue_on_error=False, executor='parallel', parallel_workers=12, event_handlers=None, ignore_user_meta=False, metas=['./colcon.meta'], base_paths=['.'], packages_ignore=None, packages_ignore_regex=None, paths=None, packages_up_to=None, packages_up_to_regex=None, packages_above=None, packages_above_and_dependencies=None, packages_above_depth=None, packages_select_by_dep=None, packages_skip_by_dep=None, packages_skip_up_to=None, packages_select_build_failed=False, packages_skip_build_finished=False, packages_select_test_failures=False, packages_skip_test_passed=False, packages_select=None, packages_skip=None, packages_select_regex=None, packages_skip_regex=None, packages_start=None, packages_end=None, allow_overriding=[], cmake_args=None, cmake_target=None, cmake_target_skip_unavailable=False, cmake_clean_cache=False, cmake_clean_first=False, cmake_force_configure=False, ament_cmake_args=None, catkin_cmake_args=None, catkin_skip_building_tests=False, verb_parser=<colcon_defaults.argument_parser.defaults.DefaultArgumentsDecorator object at 0x7558936a2ec0>, verb_extension=<colcon_core.verb.build.BuildVerb object at 0x7558936a0730>, main=<bound method BuildVerb.main of <colcon_core.verb.build.BuildVerb object at 0x7558936a0730>>)
[2.186s] Level 1:colcon.colcon_core.package_discovery:discover_packages(colcon_meta) check parameters
[2.186s] Level 1:colcon.colcon_core.package_discovery:discover_packages(recursive) check parameters
[2.186s] Level 1:colcon.colcon_core.package_discovery:discover_packages(ignore) check parameters
[2.186s] Level 1:colcon.colcon_core.package_discovery:discover_packages(path) check parameters
[2.186s] Level 1:colcon.colcon_core.package_discovery:discover_packages(colcon_meta) discover
[2.186s] Level 1:colcon.colcon_core.package_discovery:discover_packages(recursive) discover
[2.187s] INFO:colcon.colcon_core.package_discovery:Crawling recursively for packages in '/home/regmed/dregmed/vis_to_nav'
[2.187s] Level 1:colcon.colcon_core.package_identification:_identify(.) by extensions ['ignore', 'ignore_ament_install']
[2.187s] Level 1:colcon.colcon_core.package_identification:_identify(.) by extension 'ignore'
[2.187s] Level 1:colcon.colcon_core.package_identification:_identify(.) by extension 'ignore_ament_install'
[2.188s] Level 1:colcon.colcon_core.package_identification:_identify(.) by extensions ['colcon_pkg']
[2.188s] Level 1:colcon.colcon_core.package_identification:_identify(.) by extension 'colcon_pkg'
[2.188s] Level 1:colcon.colcon_core.package_identification:_identify(.) by extensions ['colcon_meta']
[2.188s] Level 1:colcon.colcon_core.package_identification:_identify(.) by extension 'colcon_meta'
[2.188s] Level 1:colcon.colcon_core.package_identification:_identify(.) by extensions ['ros']
[2.188s] Level 1:colcon.colcon_core.package_identification:_identify(.) by extension 'ros'
[2.216s] Level 1:colcon.colcon_core.package_identification:_identify(.) by extensions ['cmake', 'python']
[2.217s] Level 1:colcon.colcon_core.package_identification:_identify(.) by extension 'cmake'
[2.217s] Level 1:colcon.colcon_core.package_identification:_identify(.) by extension 'python'
[2.218s] Level 1:colcon.colcon_core.package_identification:_identify(.) by extensions ['python_setup_py']
[2.218s] Level 1:colcon.colcon_core.package_identification:_identify(.) by extension 'python_setup_py'
[2.219s] Level 1:colcon.colcon_core.package_identification:_identify(build) by extensions ['ignore', 'ignore_ament_install']
[2.219s] Level 1:colcon.colcon_core.package_identification:_identify(build) by extension 'ignore'
[2.219s] Level 1:colcon.colcon_core.package_identification:_identify(build) ignored
[2.219s] Level 1:colcon.colcon_core.package_identification:_identify(final_curves) by extensions ['ignore', 'ignore_ament_install']
[2.220s] Level 1:colcon.colcon_core.package_identification:_identify(final_curves) by extension 'ignore'
[2.220s] Level 1:colcon.colcon_core.package_identification:_identify(final_curves) by extension 'ignore_ament_install'
[2.220s] Level 1:colcon.colcon_core.package_identification:_identify(final_curves) by extensions ['colcon_pkg']
[2.220s] Level 1:colcon.colcon_core.package_identification:_identify(final_curves) by extension 'colcon_pkg'
[2.220s] Level 1:colcon.colcon_core.package_identification:_identify(final_curves) by extensions ['colcon_meta']
[2.220s] Level 1:colcon.colcon_core.package_identification:_identify(final_curves) by extension 'colcon_meta'
[2.220s] Level 1:colcon.colcon_core.package_identification:_identify(final_curves) by extensions ['ros']
[2.220s] Level 1:colcon.colcon_core.package_identification:_identify(final_curves) by extension 'ros'
[2.220s] Level 1:colcon.colcon_core.package_identification:_identify(final_curves) by extensions ['cmake', 'python']
[2.220s] Level 1:colcon.colcon_core.package_identification:_identify(final_curves) by extension 'cmake'
[2.220s] Level 1:colcon.colcon_core.package_identification:_identify(final_curves) by extension 'python'
[2.220s] Level 1:colcon.colcon_core.package_identification:_identify(final_curves) by extensions ['python_setup_py']
[2.220s] Level 1:colcon.colcon_core.package_identification:_identify(final_curves) by extension 'python_setup_py'
[2.220s] Level 1:colcon.colcon_core.package_identification:_identify(final_models) by extensions ['ignore', 'ignore_ament_install']
[2.220s] Level 1:colcon.colcon_core.package_identification:_identify(final_models) by extension 'ignore'
[2.220s] Level 1:colcon.colcon_core.package_identification:_identify(final_models) by extension 'ignore_ament_install'
[2.220s] Level 1:colcon.colcon_core.package_identification:_identify(final_models) by extensions ['colcon_pkg']
[2.220s] Level 1:colcon.colcon_core.package_identification:_identify(final_models) by extension 'colcon_pkg'
[2.220s] Level 1:colcon.colcon_core.package_identification:_identify(final_models) by extensions ['colcon_meta']
[2.221s] Level 1:colcon.colcon_core.package_identification:_identify(final_models) by extension 'colcon_meta'
[2.221s] Level 1:colcon.colcon_core.package_identification:_identify(final_models) by extensions ['ros']
[2.221s] Level 1:colcon.colcon_core.package_identification:_identify(final_models) by extension 'ros'
[2.221s] Level 1:colcon.colcon_core.package_identification:_identify(final_models) by extensions ['cmake', 'python']
[2.221s] Level 1:colcon.colcon_core.package_identification:_identify(final_models) by extension 'cmake'
[2.221s] Level 1:colcon.colcon_core.package_identification:_identify(final_models) by extension 'python'
[2.221s] Level 1:colcon.colcon_core.package_identification:_identify(final_models) by extensions ['python_setup_py']
[2.221s] Level 1:colcon.colcon_core.package_identification:_identify(final_models) by extension 'python_setup_py'
[2.221s] Level 1:colcon.colcon_core.package_identification:_identify(install) by extensions ['ignore', 'ignore_ament_install']
[2.221s] Level 1:colcon.colcon_core.package_identification:_identify(install) by extension 'ignore'
[2.221s] Level 1:colcon.colcon_core.package_identification:_identify(install) ignored
[2.221s] Level 1:colcon.colcon_core.package_identification:_identify(log) by extensions ['ignore', 'ignore_ament_install']
[2.221s] Level 1:colcon.colcon_core.package_identification:_identify(log) by extension 'ignore'
[2.221s] Level 1:colcon.colcon_core.package_identification:_identify(log) ignored
[2.222s] Level 1:colcon.colcon_core.package_identification:_identify(results) by extensions ['ignore', 'ignore_ament_install']
[2.222s] Level 1:colcon.colcon_core.package_identification:_identify(results) by extension 'ignore'
[2.222s] Level 1:colcon.colcon_core.package_identification:_identify(results) by extension 'ignore_ament_install'
[2.222s] Level 1:colcon.colcon_core.package_identification:_identify(results) by extensions ['colcon_pkg']
[2.222s] Level 1:colcon.colcon_core.package_identification:_identify(results) by extension 'colcon_pkg'
[2.222s] Level 1:colcon.colcon_core.package_identification:_identify(results) by extensions ['colcon_meta']
[2.222s] Level 1:colcon.colcon_core.package_identification:_identify(results) by extension 'colcon_meta'
[2.222s] Level 1:colcon.colcon_core.package_identification:_identify(results) by extensions ['ros']
[2.222s] Level 1:colcon.colcon_core.package_identification:_identify(results) by extension 'ros'
[2.223s] Level 1:colcon.colcon_core.package_identification:_identify(results) by extensions ['cmake', 'python']
[2.223s] Level 1:colcon.colcon_core.package_identification:_identify(results) by extension 'cmake'
[2.224s] Level 1:colcon.colcon_core.package_identification:_identify(results) by extension 'python'
[2.225s] Level 1:colcon.colcon_core.package_identification:_identify(results) by extensions ['python_setup_py']
[2.225s] Level 1:colcon.colcon_core.package_identification:_identify(results) by extension 'python_setup_py'
[2.225s] Level 1:colcon.colcon_core.package_identification:_identify(src) by extensions ['ignore', 'ignore_ament_install']
[2.225s] Level 1:colcon.colcon_core.package_identification:_identify(src) by extension 'ignore'
[2.225s] Level 1:colcon.colcon_core.package_identification:_identify(src) by extension 'ignore_ament_install'
[2.225s] Level 1:colcon.colcon_core.package_identification:_identify(src) by extensions ['colcon_pkg']
[2.225s] Level 1:colcon.colcon_core.package_identification:_identify(src) by extension 'colcon_pkg'
[2.225s] Level 1:colcon.colcon_core.package_identification:_identify(src) by extensions ['colcon_meta']
[2.225s] Level 1:colcon.colcon_core.package_identification:_identify(src) by extension 'colcon_meta'
[2.225s] Level 1:colcon.colcon_core.package_identification:_identify(src) by extensions ['ros']
[2.225s] Level 1:colcon.colcon_core.package_identification:_identify(src) by extension 'ros'
[2.226s] Level 1:colcon.colcon_core.package_identification:_identify(src) by extensions ['cmake', 'python']
[2.226s] Level 1:colcon.colcon_core.package_identification:_identify(src) by extension 'cmake'
[2.226s] Level 1:colcon.colcon_core.package_identification:_identify(src) by extension 'python'
[2.226s] Level 1:colcon.colcon_core.package_identification:_identify(src) by extensions ['python_setup_py']
[2.226s] Level 1:colcon.colcon_core.package_identification:_identify(src) by extension 'python_setup_py'
[2.226s] Level 1:colcon.colcon_core.package_identification:_identify(src/vis_nav) by extensions ['ignore', 'ignore_ament_install']
[2.226s] Level 1:colcon.colcon_core.package_identification:_identify(src/vis_nav) by extension 'ignore'
[2.226s] Level 1:colcon.colcon_core.package_identification:_identify(src/vis_nav) by extension 'ignore_ament_install'
[2.226s] Level 1:colcon.colcon_core.package_identification:_identify(src/vis_nav) by extensions ['colcon_pkg']
[2.226s] Level 1:colcon.colcon_core.package_identification:_identify(src/vis_nav) by extension 'colcon_pkg'
[2.226s] Level 1:colcon.colcon_core.package_identification:_identify(src/vis_nav) by extensions ['colcon_meta']
[2.226s] Level 1:colcon.colcon_core.package_identification:_identify(src/vis_nav) by extension 'colcon_meta'
[2.226s] Level 1:colcon.colcon_core.package_identification:_identify(src/vis_nav) by extensions ['ros']
[2.226s] Level 1:colcon.colcon_core.package_identification:_identify(src/vis_nav) by extension 'ros'
[2.232s] DEBUG:colcon.colcon_core.package_identification:Package 'src/vis_nav' with type 'ros.ament_python' and name 'vis_nav'
[2.232s] Level 1:colcon.colcon_core.package_discovery:discover_packages(recursive) using defaults
[2.232s] Level 1:colcon.colcon_core.package_discovery:discover_packages(ignore) discover
[2.232s] Level 1:colcon.colcon_core.package_discovery:discover_packages(ignore) using defaults
[2.232s] Level 1:colcon.colcon_core.package_discovery:discover_packages(path) discover
[2.232s] Level 1:colcon.colcon_core.package_discovery:discover_packages(path) using defaults
[2.452s] Level 1:colcon.colcon_core.package_discovery:discover_packages(prefix_path) check parameters
[2.452s] Level 1:colcon.colcon_core.package_discovery:discover_packages(prefix_path) discover
[2.516s] DEBUG:colcon.colcon_installed_package_information.package_discovery:Found 1 installed packages in /home/regmed/dregmed/vis_to_nav/install
[2.587s] DEBUG:colcon.colcon_installed_package_information.package_discovery:Found 281 installed packages in /opt/ros/humble
[2.589s] Level 1:colcon.colcon_core.package_discovery:discover_packages(prefix_path) using defaults
[2.802s] Level 5:colcon.colcon_core.verb:set package 'vis_nav' build argument 'cmake_args' from command line to 'None'
[2.802s] Level 5:colcon.colcon_core.verb:set package 'vis_nav' build argument 'cmake_target' from command line to 'None'
[2.802s] Level 5:colcon.colcon_core.verb:set package 'vis_nav' build argument 'cmake_target_skip_unavailable' from command line to 'False'
[2.802s] Level 5:colcon.colcon_core.verb:set package 'vis_nav' build argument 'cmake_clean_cache' from command line to 'False'
[2.802s] Level 5:colcon.colcon_core.verb:set package 'vis_nav' build argument 'cmake_clean_first' from command line to 'False'
[2.803s] Level 5:colcon.colcon_core.verb:set package 'vis_nav' build argument 'cmake_force_configure' from command line to 'False'
[2.803s] Level 5:colcon.colcon_core.verb:set package 'vis_nav' build argument 'ament_cmake_args' from command line to 'None'
[2.803s] Level 5:colcon.colcon_core.verb:set package 'vis_nav' build argument 'catkin_cmake_args' from command line to 'None'
[2.803s] Level 5:colcon.colcon_core.verb:set package 'vis_nav' build argument 'catkin_skip_building_tests' from command line to 'False'
[2.803s] DEBUG:colcon.colcon_core.verb:Building package 'vis_nav' with the following arguments: {'ament_cmake_args': None, 'build_base': '/home/regmed/dregmed/vis_to_nav/build/vis_nav', 'catkin_cmake_args': None, 'catkin_skip_building_tests': False, 'cmake_args': None, 'cmake_clean_cache': False, 'cmake_clean_first': False, 'cmake_force_configure': False, 'cmake_target': None, 'cmake_target_skip_unavailable': False, 'install_base': '/home/regmed/dregmed/vis_to_nav/install/vis_nav', 'merge_install': False, 'path': '/home/regmed/dregmed/vis_to_nav/src/vis_nav', 'symlink_install': True, 'test_result_base': None}
[2.837s] INFO:colcon.colcon_core.executor:Executing jobs using 'parallel' executor
[2.872s] DEBUG:colcon.colcon_parallel_executor.executor.parallel:run_until_complete
[2.873s] INFO:colcon.colcon_ros.task.ament_python.build:Building ROS package in '/home/regmed/dregmed/vis_to_nav/src/vis_nav' with build type 'ament_python'
[2.873s] Level 1:colcon.colcon_core.shell:create_environment_hook('vis_nav', 'ament_prefix_path')
[2.909s] INFO:colcon.colcon_core.plugin_system:Skipping extension 'colcon_core.shell.bat': Not used on non-Windows systems
[2.909s] INFO:colcon.colcon_core.shell:Creating environment hook '/home/regmed/dregmed/vis_to_nav/install/vis_nav/share/vis_nav/hook/ament_prefix_path.ps1'
[2.910s] INFO:colcon.colcon_core.shell:Creating environment descriptor '/home/regmed/dregmed/vis_to_nav/install/vis_nav/share/vis_nav/hook/ament_prefix_path.dsv'
[2.911s] INFO:colcon.colcon_core.shell:Creating environment hook '/home/regmed/dregmed/vis_to_nav/install/vis_nav/share/vis_nav/hook/ament_prefix_path.sh'
[2.943s] INFO:colcon.colcon_core.shell:Skip shell extension 'powershell' for command environment: Not usable outside of PowerShell
[2.944s] DEBUG:colcon.colcon_core.shell:Skip shell extension 'dsv' for command environment
[3.647s] INFO:colcon.colcon_core.task.python.build:Building Python package in '/home/regmed/dregmed/vis_to_nav/src/vis_nav'
[3.675s] INFO:colcon.colcon_core.shell:Skip shell extension 'powershell' for command environment: Not usable outside of PowerShell
[3.676s] DEBUG:colcon.colcon_core.shell:Skip shell extension 'dsv' for command environment
[4.533s] DEBUG:colcon.colcon_core.event_handler.log_command:Invoking command in '/home/regmed/dregmed/vis_to_nav/build/vis_nav': PYTHONPATH=/home/regmed/dregmed/vis_to_nav/build/vis_nav/prefix_override:/home/regmed/dregmed/vis_to_nav/install/vis_nav/lib/python3.10/site-packages:${PYTHONPATH} /usr/bin/python3 setup.py develop --editable --build-directory /home/regmed/dregmed/vis_to_nav/build/vis_nav/build --no-deps install_data
[5.629s] Level 1:colcon.colcon_core.shell:create_environment_hook('vis_nav', 'pythonpath_develop')
[5.632s] DEBUG:colcon.colcon_core.event_handler.log_command:Invoked command in '/home/regmed/dregmed/vis_to_nav/build/vis_nav' returned '0': PYTHONPATH=/home/regmed/dregmed/vis_to_nav/build/vis_nav/prefix_override:/home/regmed/dregmed/vis_to_nav/install/vis_nav/lib/python3.10/site-packages:${PYTHONPATH} /usr/bin/python3 setup.py develop --editable --build-directory /home/regmed/dregmed/vis_to_nav/build/vis_nav/build --no-deps install_data
[5.659s] INFO:colcon.colcon_core.shell:Creating environment hook '/home/regmed/dregmed/vis_to_nav/build/vis_nav/share/vis_nav/hook/pythonpath_develop.ps1'
[5.660s] INFO:colcon.colcon_core.shell:Creating environment descriptor '/home/regmed/dregmed/vis_to_nav/build/vis_nav/share/vis_nav/hook/pythonpath_develop.dsv'
[5.660s] INFO:colcon.colcon_core.shell:Creating environment hook '/home/regmed/dregmed/vis_to_nav/build/vis_nav/share/vis_nav/hook/pythonpath_develop.sh'
[5.699s] Level 1:colcon.colcon_core.environment:checking '/home/regmed/dregmed/vis_to_nav/install/vis_nav' for CMake module files
[5.700s] Level 1:colcon.colcon_core.environment:checking '/home/regmed/dregmed/vis_to_nav/install/vis_nav' for CMake config files
[5.702s] Level 1:colcon.colcon_core.environment:checking '/home/regmed/dregmed/vis_to_nav/install/vis_nav/lib'
[5.704s] Level 1:colcon.colcon_core.environment:checking '/home/regmed/dregmed/vis_to_nav/install/vis_nav/bin'
[5.704s] Level 1:colcon.colcon_core.environment:checking '/home/regmed/dregmed/vis_to_nav/install/vis_nav/lib/pkgconfig/vis_nav.pc'
[5.705s] Level 1:colcon.colcon_core.environment:checking '/home/regmed/dregmed/vis_to_nav/install/vis_nav/lib/python3.10/site-packages'
[5.705s] Level 1:colcon.colcon_core.shell:create_environment_hook('vis_nav', 'pythonpath')
[5.736s] INFO:colcon.colcon_core.shell:Creating environment hook '/home/regmed/dregmed/vis_to_nav/install/vis_nav/share/vis_nav/hook/pythonpath.ps1'
[5.737s] INFO:colcon.colcon_core.shell:Creating environment descriptor '/home/regmed/dregmed/vis_to_nav/install/vis_nav/share/vis_nav/hook/pythonpath.dsv'
[5.737s] INFO:colcon.colcon_core.shell:Creating environment hook '/home/regmed/dregmed/vis_to_nav/install/vis_nav/share/vis_nav/hook/pythonpath.sh'
[5.739s] Level 1:colcon.colcon_core.environment:checking '/home/regmed/dregmed/vis_to_nav/install/vis_nav/bin'
[5.740s] Level 1:colcon.colcon_core.environment:create_environment_scripts_only(vis_nav)
[5.770s] INFO:colcon.colcon_core.shell:Creating package script '/home/regmed/dregmed/vis_to_nav/install/vis_nav/share/vis_nav/package.ps1'
[5.771s] INFO:colcon.colcon_core.shell:Creating package descriptor '/home/regmed/dregmed/vis_to_nav/install/vis_nav/share/vis_nav/package.dsv'
[5.773s] INFO:colcon.colcon_core.shell:Creating package script '/home/regmed/dregmed/vis_to_nav/install/vis_nav/share/vis_nav/package.sh'
[5.775s] INFO:colcon.colcon_core.shell:Creating package script '/home/regmed/dregmed/vis_to_nav/install/vis_nav/share/vis_nav/package.bash'
[5.777s] INFO:colcon.colcon_core.shell:Creating package script '/home/regmed/dregmed/vis_to_nav/install/vis_nav/share/vis_nav/package.zsh'
[5.778s] Level 1:colcon.colcon_core.environment:create_file_with_runtime_dependencies(/home/regmed/dregmed/vis_to_nav/install/vis_nav/share/colcon-core/packages/vis_nav)
[5.780s] DEBUG:colcon.colcon_parallel_executor.executor.parallel:closing loop
[5.781s] DEBUG:colcon.colcon_parallel_executor.executor.parallel:loop closed
[5.781s] DEBUG:colcon.colcon_parallel_executor.executor.parallel:run_until_complete finished with '0'
[5.781s] DEBUG:colcon.colcon_core.event_reactor:joining thread
[5.820s] INFO:colcon.colcon_core.plugin_system:Skipping extension 'colcon_notification.desktop_notification.terminal_notifier': Not used on non-Darwin systems
[5.821s] INFO:colcon.colcon_core.plugin_system:Skipping extension 'colcon_notification.desktop_notification.win32': Not used on non-Windows systems
[5.822s] INFO:colcon.colcon_notification.desktop_notification:Sending desktop notification using 'notify2'
[5.847s] DEBUG:colcon.colcon_core.event_reactor:joined thread
[5.878s] INFO:colcon.colcon_core.shell:Creating prefix script '/home/regmed/dregmed/vis_to_nav/install/local_setup.ps1'
[5.880s] INFO:colcon.colcon_core.shell:Creating prefix util module '/home/regmed/dregmed/vis_to_nav/install/_local_setup_util_ps1.py'
[5.883s] INFO:colcon.colcon_core.shell:Creating prefix chain script '/home/regmed/dregmed/vis_to_nav/install/setup.ps1'
[5.921s] INFO:colcon.colcon_core.shell:Creating prefix script '/home/regmed/dregmed/vis_to_nav/install/local_setup.sh'
[5.924s] INFO:colcon.colcon_core.shell:Creating prefix util module '/home/regmed/dregmed/vis_to_nav/install/_local_setup_util_sh.py'
[5.925s] INFO:colcon.colcon_core.shell:Creating prefix chain script '/home/regmed/dregmed/vis_to_nav/install/setup.sh'
[5.969s] INFO:colcon.colcon_core.shell:Creating prefix script '/home/regmed/dregmed/vis_to_nav/install/local_setup.bash'
[5.970s] INFO:colcon.colcon_core.shell:Creating prefix chain script '/home/regmed/dregmed/vis_to_nav/install/setup.bash'
[6.013s] INFO:colcon.colcon_core.shell:Creating prefix script '/home/regmed/dregmed/vis_to_nav/install/local_setup.zsh'
[6.015s] INFO:colcon.colcon_core.shell:Creating prefix chain script '/home/regmed/dregmed/vis_to_nav/install/setup.zsh'
