[1.105s] DEBUG:colcon:Command line arguments: ['/usr/bin/colcon', 'build']
[1.105s] DEBUG:colcon:Parsed command line arguments: Namespace(log_base=None, log_level=None, verb_name='build', build_base='build', install_base='install', merge_install=False, symlink_install=False, test_result_base=None, continue_on_error=False, executor='parallel', parallel_workers=12, event_handlers=None, ignore_user_meta=False, metas=['./colcon.meta'], base_paths=['.'], packages_ignore=None, packages_ignore_regex=None, paths=None, packages_up_to=None, packages_up_to_regex=None, packages_above=None, packages_above_and_dependencies=None, packages_above_depth=None, packages_select_by_dep=None, packages_skip_by_dep=None, packages_skip_up_to=None, packages_select_build_failed=False, packages_skip_build_finished=False, packages_select_test_failures=False, packages_skip_test_passed=False, packages_select=None, packages_skip=None, packages_select_regex=None, packages_skip_regex=None, packages_start=None, packages_end=None, allow_overriding=[], cmake_args=None, cmake_target=None, cmake_target_skip_unavailable=False, cmake_clean_cache=False, cmake_clean_first=False, cmake_force_configure=False, ament_cmake_args=None, catkin_cmake_args=None, catkin_skip_building_tests=False, verb_parser=<colcon_defaults.argument_parser.defaults.DefaultArgumentsDecorator object at 0x710cd21d79d0>, verb_extension=<colcon_core.verb.build.BuildVerb object at 0x710cd21d7cd0>, main=<bound method BuildVerb.main of <colcon_core.verb.build.BuildVerb object at 0x710cd21d7cd0>>)
[1.159s] Level 1:colcon.colcon_core.package_discovery:discover_packages(colcon_meta) check parameters
[1.159s] Level 1:colcon.colcon_core.package_discovery:discover_packages(recursive) check parameters
[1.159s] Level 1:colcon.colcon_core.package_discovery:discover_packages(ignore) check parameters
[1.159s] Level 1:colcon.colcon_core.package_discovery:discover_packages(path) check parameters
[1.159s] Level 1:colcon.colcon_core.package_discovery:discover_packages(colcon_meta) discover
[1.159s] Level 1:colcon.colcon_core.package_discovery:discover_packages(recursive) discover
[1.159s] INFO:colcon.colcon_core.package_discovery:Crawling recursively for packages in '/home/regmed/dregmed/vis_to_nav'
[1.159s] Level 1:colcon.colcon_core.package_identification:_identify(.) by extensions ['ignore', 'ignore_ament_install']
[1.160s] Level 1:colcon.colcon_core.package_identification:_identify(.) by extension 'ignore'
[1.160s] Level 1:colcon.colcon_core.package_identification:_identify(.) by extension 'ignore_ament_install'
[1.160s] Level 1:colcon.colcon_core.package_identification:_identify(.) by extensions ['colcon_pkg']
[1.160s] Level 1:colcon.colcon_core.package_identification:_identify(.) by extension 'colcon_pkg'
[1.160s] Level 1:colcon.colcon_core.package_identification:_identify(.) by extensions ['colcon_meta']
[1.160s] Level 1:colcon.colcon_core.package_identification:_identify(.) by extension 'colcon_meta'
[1.160s] Level 1:colcon.colcon_core.package_identification:_identify(.) by extensions ['ros']
[1.160s] Level 1:colcon.colcon_core.package_identification:_identify(.) by extension 'ros'
[1.171s] Level 1:colcon.colcon_core.package_identification:_identify(.) by extensions ['cmake', 'python']
[1.171s] Level 1:colcon.colcon_core.package_identification:_identify(.) by extension 'cmake'
[1.171s] Level 1:colcon.colcon_core.package_identification:_identify(.) by extension 'python'
[1.172s] Level 1:colcon.colcon_core.package_identification:_identify(.) by extensions ['python_setup_py']
[1.172s] Level 1:colcon.colcon_core.package_identification:_identify(.) by extension 'python_setup_py'
[1.172s] Level 1:colcon.colcon_core.package_identification:_identify(build) by extensions ['ignore', 'ignore_ament_install']
[1.172s] Level 1:colcon.colcon_core.package_identification:_identify(build) by extension 'ignore'
[1.172s] Level 1:colcon.colcon_core.package_identification:_identify(build) ignored
[1.172s] Level 1:colcon.colcon_core.package_identification:_identify(install) by extensions ['ignore', 'ignore_ament_install']
[1.172s] Level 1:colcon.colcon_core.package_identification:_identify(install) by extension 'ignore'
[1.172s] Level 1:colcon.colcon_core.package_identification:_identify(install) ignored
[1.172s] Level 1:colcon.colcon_core.package_identification:_identify(log) by extensions ['ignore', 'ignore_ament_install']
[1.172s] Level 1:colcon.colcon_core.package_identification:_identify(log) by extension 'ignore'
[1.172s] Level 1:colcon.colcon_core.package_identification:_identify(log) ignored
[1.172s] Level 1:colcon.colcon_core.package_identification:_identify(src) by extensions ['ignore', 'ignore_ament_install']
[1.172s] Level 1:colcon.colcon_core.package_identification:_identify(src) by extension 'ignore'
[1.173s] Level 1:colcon.colcon_core.package_identification:_identify(src) by extension 'ignore_ament_install'
[1.173s] Level 1:colcon.colcon_core.package_identification:_identify(src) by extensions ['colcon_pkg']
[1.173s] Level 1:colcon.colcon_core.package_identification:_identify(src) by extension 'colcon_pkg'
[1.173s] Level 1:colcon.colcon_core.package_identification:_identify(src) by extensions ['colcon_meta']
[1.173s] Level 1:colcon.colcon_core.package_identification:_identify(src) by extension 'colcon_meta'
[1.173s] Level 1:colcon.colcon_core.package_identification:_identify(src) by extensions ['ros']
[1.173s] Level 1:colcon.colcon_core.package_identification:_identify(src) by extension 'ros'
[1.173s] Level 1:colcon.colcon_core.package_identification:_identify(src) by extensions ['cmake', 'python']
[1.173s] Level 1:colcon.colcon_core.package_identification:_identify(src) by extension 'cmake'
[1.173s] Level 1:colcon.colcon_core.package_identification:_identify(src) by extension 'python'
[1.173s] Level 1:colcon.colcon_core.package_identification:_identify(src) by extensions ['python_setup_py']
[1.173s] Level 1:colcon.colcon_core.package_identification:_identify(src) by extension 'python_setup_py'
[1.173s] Level 1:colcon.colcon_core.package_identification:_identify(src/vis_nav) by extensions ['ignore', 'ignore_ament_install']
[1.173s] Level 1:colcon.colcon_core.package_identification:_identify(src/vis_nav) by extension 'ignore'
[1.173s] Level 1:colcon.colcon_core.package_identification:_identify(src/vis_nav) by extension 'ignore_ament_install'
[1.173s] Level 1:colcon.colcon_core.package_identification:_identify(src/vis_nav) by extensions ['colcon_pkg']
[1.173s] Level 1:colcon.colcon_core.package_identification:_identify(src/vis_nav) by extension 'colcon_pkg'
[1.173s] Level 1:colcon.colcon_core.package_identification:_identify(src/vis_nav) by extensions ['colcon_meta']
[1.173s] Level 1:colcon.colcon_core.package_identification:_identify(src/vis_nav) by extension 'colcon_meta'
[1.173s] Level 1:colcon.colcon_core.package_identification:_identify(src/vis_nav) by extensions ['ros']
[1.173s] Level 1:colcon.colcon_core.package_identification:_identify(src/vis_nav) by extension 'ros'
[1.176s] DEBUG:colcon.colcon_core.package_identification:Package 'src/vis_nav' with type 'ros.ament_python' and name 'vis_nav'
[1.176s] Level 1:colcon.colcon_core.package_discovery:discover_packages(recursive) using defaults
[1.176s] Level 1:colcon.colcon_core.package_discovery:discover_packages(ignore) discover
[1.176s] Level 1:colcon.colcon_core.package_discovery:discover_packages(ignore) using defaults
[1.176s] Level 1:colcon.colcon_core.package_discovery:discover_packages(path) discover
[1.176s] Level 1:colcon.colcon_core.package_discovery:discover_packages(path) using defaults
[1.271s] Level 1:colcon.colcon_core.package_discovery:discover_packages(prefix_path) check parameters
[1.271s] Level 1:colcon.colcon_core.package_discovery:discover_packages(prefix_path) discover
[1.302s] DEBUG:colcon.colcon_installed_package_information.package_discovery:Found 1 installed packages in /home/regmed/dregmed/vis_to_nav/install
[1.328s] DEBUG:colcon.colcon_installed_package_information.package_discovery:Found 281 installed packages in /opt/ros/humble
[1.329s] Level 1:colcon.colcon_core.package_discovery:discover_packages(prefix_path) using defaults
[1.410s] Level 5:colcon.colcon_core.verb:set package 'vis_nav' build argument 'cmake_args' from command line to 'None'
[1.410s] Level 5:colcon.colcon_core.verb:set package 'vis_nav' build argument 'cmake_target' from command line to 'None'
[1.410s] Level 5:colcon.colcon_core.verb:set package 'vis_nav' build argument 'cmake_target_skip_unavailable' from command line to 'False'
[1.410s] Level 5:colcon.colcon_core.verb:set package 'vis_nav' build argument 'cmake_clean_cache' from command line to 'False'
[1.410s] Level 5:colcon.colcon_core.verb:set package 'vis_nav' build argument 'cmake_clean_first' from command line to 'False'
[1.410s] Level 5:colcon.colcon_core.verb:set package 'vis_nav' build argument 'cmake_force_configure' from command line to 'False'
[1.410s] Level 5:colcon.colcon_core.verb:set package 'vis_nav' build argument 'ament_cmake_args' from command line to 'None'
[1.410s] Level 5:colcon.colcon_core.verb:set package 'vis_nav' build argument 'catkin_cmake_args' from command line to 'None'
[1.410s] Level 5:colcon.colcon_core.verb:set package 'vis_nav' build argument 'catkin_skip_building_tests' from command line to 'False'
[1.410s] DEBUG:colcon.colcon_core.verb:Building package 'vis_nav' with the following arguments: {'ament_cmake_args': None, 'build_base': '/home/regmed/dregmed/vis_to_nav/build/vis_nav', 'catkin_cmake_args': None, 'catkin_skip_building_tests': False, 'cmake_args': None, 'cmake_clean_cache': False, 'cmake_clean_first': False, 'cmake_force_configure': False, 'cmake_target': None, 'cmake_target_skip_unavailable': False, 'install_base': '/home/regmed/dregmed/vis_to_nav/install/vis_nav', 'merge_install': False, 'path': '/home/regmed/dregmed/vis_to_nav/src/vis_nav', 'symlink_install': False, 'test_result_base': None}
[1.425s] INFO:colcon.colcon_core.executor:Executing jobs using 'parallel' executor
[1.440s] DEBUG:colcon.colcon_parallel_executor.executor.parallel:run_until_complete
[1.440s] INFO:colcon.colcon_ros.task.ament_python.build:Building ROS package in '/home/regmed/dregmed/vis_to_nav/src/vis_nav' with build type 'ament_python'
[1.441s] Level 1:colcon.colcon_core.shell:create_environment_hook('vis_nav', 'ament_prefix_path')
[1.458s] INFO:colcon.colcon_core.plugin_system:Skipping extension 'colcon_core.shell.bat': Not used on non-Windows systems
[1.458s] INFO:colcon.colcon_core.shell:Creating environment hook '/home/regmed/dregmed/vis_to_nav/install/vis_nav/share/vis_nav/hook/ament_prefix_path.ps1'
[1.459s] INFO:colcon.colcon_core.shell:Creating environment descriptor '/home/regmed/dregmed/vis_to_nav/install/vis_nav/share/vis_nav/hook/ament_prefix_path.dsv'
[1.459s] INFO:colcon.colcon_core.shell:Creating environment hook '/home/regmed/dregmed/vis_to_nav/install/vis_nav/share/vis_nav/hook/ament_prefix_path.sh'
[1.474s] INFO:colcon.colcon_core.shell:Skip shell extension 'powershell' for command environment: Not usable outside of PowerShell
[1.474s] DEBUG:colcon.colcon_core.shell:Skip shell extension 'dsv' for command environment
[1.797s] INFO:colcon.colcon_core.task.python.build:Building Python package in '/home/regmed/dregmed/vis_to_nav/src/vis_nav'
[1.813s] INFO:colcon.colcon_core.shell:Skip shell extension 'powershell' for command environment: Not usable outside of PowerShell
[1.813s] DEBUG:colcon.colcon_core.shell:Skip shell extension 'dsv' for command environment
[2.212s] DEBUG:colcon.colcon_core.event_handler.log_command:Invoking command in '/home/regmed/dregmed/vis_to_nav/src/vis_nav': PYTHONPATH=/home/regmed/dregmed/vis_to_nav/build/vis_nav/prefix_override:/home/regmed/dregmed/vis_to_nav/install/vis_nav/lib/python3.10/site-packages:${PYTHONPATH} /usr/bin/python3 setup.py egg_info --egg-base ../../build/vis_nav build --build-base /home/regmed/dregmed/vis_to_nav/build/vis_nav/build install --record /home/regmed/dregmed/vis_to_nav/build/vis_nav/install.log --single-version-externally-managed
[2.515s] DEBUG:colcon.colcon_core.event_handler.log_command:Invoked command in '/home/regmed/dregmed/vis_to_nav/src/vis_nav' returned '0': PYTHONPATH=/home/regmed/dregmed/vis_to_nav/build/vis_nav/prefix_override:/home/regmed/dregmed/vis_to_nav/install/vis_nav/lib/python3.10/site-packages:${PYTHONPATH} /usr/bin/python3 setup.py egg_info --egg-base ../../build/vis_nav build --build-base /home/regmed/dregmed/vis_to_nav/build/vis_nav/build install --record /home/regmed/dregmed/vis_to_nav/build/vis_nav/install.log --single-version-externally-managed
[2.533s] Level 1:colcon.colcon_core.environment:checking '/home/regmed/dregmed/vis_to_nav/install/vis_nav' for CMake module files
[2.533s] Level 1:colcon.colcon_core.environment:checking '/home/regmed/dregmed/vis_to_nav/install/vis_nav' for CMake config files
[2.534s] Level 1:colcon.colcon_core.environment:checking '/home/regmed/dregmed/vis_to_nav/install/vis_nav/lib'
[2.534s] Level 1:colcon.colcon_core.environment:checking '/home/regmed/dregmed/vis_to_nav/install/vis_nav/bin'
[2.534s] Level 1:colcon.colcon_core.environment:checking '/home/regmed/dregmed/vis_to_nav/install/vis_nav/lib/pkgconfig/vis_nav.pc'
[2.534s] Level 1:colcon.colcon_core.environment:checking '/home/regmed/dregmed/vis_to_nav/install/vis_nav/lib/python3.10/site-packages'
[2.534s] Level 1:colcon.colcon_core.shell:create_environment_hook('vis_nav', 'pythonpath')
[2.549s] INFO:colcon.colcon_core.shell:Creating environment hook '/home/regmed/dregmed/vis_to_nav/install/vis_nav/share/vis_nav/hook/pythonpath.ps1'
[2.549s] INFO:colcon.colcon_core.shell:Creating environment descriptor '/home/regmed/dregmed/vis_to_nav/install/vis_nav/share/vis_nav/hook/pythonpath.dsv'
[2.549s] INFO:colcon.colcon_core.shell:Creating environment hook '/home/regmed/dregmed/vis_to_nav/install/vis_nav/share/vis_nav/hook/pythonpath.sh'
[2.550s] Level 1:colcon.colcon_core.environment:checking '/home/regmed/dregmed/vis_to_nav/install/vis_nav/bin'
[2.550s] Level 1:colcon.colcon_core.environment:create_environment_scripts_only(vis_nav)
[2.565s] INFO:colcon.colcon_core.shell:Creating package script '/home/regmed/dregmed/vis_to_nav/install/vis_nav/share/vis_nav/package.ps1'
[2.566s] INFO:colcon.colcon_core.shell:Creating package descriptor '/home/regmed/dregmed/vis_to_nav/install/vis_nav/share/vis_nav/package.dsv'
[2.566s] INFO:colcon.colcon_core.shell:Creating package script '/home/regmed/dregmed/vis_to_nav/install/vis_nav/share/vis_nav/package.sh'
[2.567s] INFO:colcon.colcon_core.shell:Creating package script '/home/regmed/dregmed/vis_to_nav/install/vis_nav/share/vis_nav/package.bash'
[2.568s] INFO:colcon.colcon_core.shell:Creating package script '/home/regmed/dregmed/vis_to_nav/install/vis_nav/share/vis_nav/package.zsh'
[2.568s] Level 1:colcon.colcon_core.environment:create_file_with_runtime_dependencies(/home/regmed/dregmed/vis_to_nav/install/vis_nav/share/colcon-core/packages/vis_nav)
[2.569s] DEBUG:colcon.colcon_parallel_executor.executor.parallel:closing loop
[2.570s] DEBUG:colcon.colcon_parallel_executor.executor.parallel:loop closed
[2.570s] DEBUG:colcon.colcon_parallel_executor.executor.parallel:run_until_complete finished with '0'
[2.570s] DEBUG:colcon.colcon_core.event_reactor:joining thread
[2.591s] INFO:colcon.colcon_core.plugin_system:Skipping extension 'colcon_notification.desktop_notification.terminal_notifier': Not used on non-Darwin systems
[2.591s] INFO:colcon.colcon_core.plugin_system:Skipping extension 'colcon_notification.desktop_notification.win32': Not used on non-Windows systems
[2.591s] INFO:colcon.colcon_notification.desktop_notification:Sending desktop notification using 'notify2'
[2.600s] DEBUG:colcon.colcon_core.event_reactor:joined thread
[2.623s] INFO:colcon.colcon_core.shell:Creating prefix script '/home/regmed/dregmed/vis_to_nav/install/local_setup.ps1'
[2.625s] INFO:colcon.colcon_core.shell:Creating prefix util module '/home/regmed/dregmed/vis_to_nav/install/_local_setup_util_ps1.py'
[2.627s] INFO:colcon.colcon_core.shell:Creating prefix chain script '/home/regmed/dregmed/vis_to_nav/install/setup.ps1'
[2.652s] INFO:colcon.colcon_core.shell:Creating prefix script '/home/regmed/dregmed/vis_to_nav/install/local_setup.sh'
[2.653s] INFO:colcon.colcon_core.shell:Creating prefix util module '/home/regmed/dregmed/vis_to_nav/install/_local_setup_util_sh.py'
[2.653s] INFO:colcon.colcon_core.shell:Creating prefix chain script '/home/regmed/dregmed/vis_to_nav/install/setup.sh'
[2.669s] INFO:colcon.colcon_core.shell:Creating prefix script '/home/regmed/dregmed/vis_to_nav/install/local_setup.bash'
[2.669s] INFO:colcon.colcon_core.shell:Creating prefix chain script '/home/regmed/dregmed/vis_to_nav/install/setup.bash'
[2.685s] INFO:colcon.colcon_core.shell:Creating prefix script '/home/regmed/dregmed/vis_to_nav/install/local_setup.zsh'
[2.685s] INFO:colcon.colcon_core.shell:Creating prefix chain script '/home/regmed/dregmed/vis_to_nav/install/setup.zsh'
