[1.167s] DEBUG:colcon:Command line arguments: ['/usr/bin/colcon', 'list', '-p', '--base-paths', '/home/regmed/dregmed/vis_to_nav']
[1.168s] DEBUG:colcon:Parsed command line arguments: Namespace(log_base=None, log_level=None, verb_name='list', build_base='build', ignore_user_meta=False, metas=['./colcon.meta'], base_paths=['/home/regmed/dregmed/vis_to_nav'], packages_ignore=None, packages_ignore_regex=None, paths=None, packages_up_to=None, packages_up_to_regex=None, packages_above=None, packages_above_and_dependencies=None, packages_above_depth=None, packages_select_by_dep=None, packages_skip_by_dep=None, packages_skip_up_to=None, packages_select_build_failed=False, packages_skip_build_finished=False, packages_select_test_failures=False, packages_skip_test_passed=False, packages_select=None, packages_skip=None, packages_select_regex=None, packages_skip_regex=None, packages_start=None, packages_end=None, allow_overriding=[], topological_order=False, names_only=False, paths_only=True, topological_graph=False, topological_graph_dot=False, topological_graph_density=False, topological_graph_legend=False, topological_graph_dot_cluster=False, topological_graph_dot_include_skipped=False, verb_parser=<colcon_defaults.argument_parser.defaults.DefaultArgumentsDecorator object at 0x7132f04060b0>, verb_extension=<colcon_package_information.verb.list.ListVerb object at 0x7132f0407cd0>, main=<bound method ListVerb.main of <colcon_package_information.verb.list.ListVerb object at 0x7132f0407cd0>>)
[1.223s] Level 1:colcon.colcon_core.package_discovery:discover_packages(colcon_meta) check parameters
[1.224s] Level 1:colcon.colcon_core.package_discovery:discover_packages(recursive) check parameters
[1.224s] Level 1:colcon.colcon_core.package_discovery:discover_packages(ignore) check parameters
[1.224s] Level 1:colcon.colcon_core.package_discovery:discover_packages(path) check parameters
[1.224s] Level 1:colcon.colcon_core.package_discovery:discover_packages(recursive) discover
[1.224s] INFO:colcon.colcon_core.package_discovery:Crawling recursively for packages in '/home/regmed/dregmed/vis_to_nav'
[1.224s] Level 1:colcon.colcon_core.package_identification:_identify(/home/regmed/dregmed/vis_to_nav) by extensions ['ignore', 'ignore_ament_install']
[1.224s] Level 1:colcon.colcon_core.package_identification:_identify(/home/regmed/dregmed/vis_to_nav) by extension 'ignore'
[1.224s] Level 1:colcon.colcon_core.package_identification:_identify(/home/regmed/dregmed/vis_to_nav) by extension 'ignore_ament_install'
[1.224s] Level 1:colcon.colcon_core.package_identification:_identify(/home/regmed/dregmed/vis_to_nav) by extensions ['colcon_pkg']
[1.224s] Level 1:colcon.colcon_core.package_identification:_identify(/home/regmed/dregmed/vis_to_nav) by extension 'colcon_pkg'
[1.224s] Level 1:colcon.colcon_core.package_identification:_identify(/home/regmed/dregmed/vis_to_nav) by extensions ['colcon_meta']
[1.224s] Level 1:colcon.colcon_core.package_identification:_identify(/home/regmed/dregmed/vis_to_nav) by extension 'colcon_meta'
[1.224s] Level 1:colcon.colcon_core.package_identification:_identify(/home/regmed/dregmed/vis_to_nav) by extensions ['ros']
[1.225s] Level 1:colcon.colcon_core.package_identification:_identify(/home/regmed/dregmed/vis_to_nav) by extension 'ros'
[1.234s] Level 1:colcon.colcon_core.package_identification:_identify(/home/regmed/dregmed/vis_to_nav) by extensions ['cmake', 'python']
[1.235s] Level 1:colcon.colcon_core.package_identification:_identify(/home/regmed/dregmed/vis_to_nav) by extension 'cmake'
[1.235s] Level 1:colcon.colcon_core.package_identification:_identify(/home/regmed/dregmed/vis_to_nav) by extension 'python'
[1.235s] Level 1:colcon.colcon_core.package_identification:_identify(/home/regmed/dregmed/vis_to_nav) by extensions ['python_setup_py']
[1.235s] Level 1:colcon.colcon_core.package_identification:_identify(/home/regmed/dregmed/vis_to_nav) by extension 'python_setup_py'
[1.235s] Level 1:colcon.colcon_core.package_identification:_identify(/home/regmed/dregmed/vis_to_nav/build) by extensions ['ignore', 'ignore_ament_install']
[1.235s] Level 1:colcon.colcon_core.package_identification:_identify(/home/regmed/dregmed/vis_to_nav/build) by extension 'ignore'
[1.235s] Level 1:colcon.colcon_core.package_identification:_identify(/home/regmed/dregmed/vis_to_nav/build) ignored
[1.235s] Level 1:colcon.colcon_core.package_identification:_identify(/home/regmed/dregmed/vis_to_nav/install) by extensions ['ignore', 'ignore_ament_install']
[1.235s] Level 1:colcon.colcon_core.package_identification:_identify(/home/regmed/dregmed/vis_to_nav/install) by extension 'ignore'
[1.235s] Level 1:colcon.colcon_core.package_identification:_identify(/home/regmed/dregmed/vis_to_nav/install) ignored
[1.235s] Level 1:colcon.colcon_core.package_identification:_identify(/home/regmed/dregmed/vis_to_nav/log) by extensions ['ignore', 'ignore_ament_install']
[1.235s] Level 1:colcon.colcon_core.package_identification:_identify(/home/regmed/dregmed/vis_to_nav/log) by extension 'ignore'
[1.235s] Level 1:colcon.colcon_core.package_identification:_identify(/home/regmed/dregmed/vis_to_nav/log) ignored
[1.235s] Level 1:colcon.colcon_core.package_identification:_identify(/home/regmed/dregmed/vis_to_nav/src) by extensions ['ignore', 'ignore_ament_install']
[1.236s] Level 1:colcon.colcon_core.package_identification:_identify(/home/regmed/dregmed/vis_to_nav/src) by extension 'ignore'
[1.236s] Level 1:colcon.colcon_core.package_identification:_identify(/home/regmed/dregmed/vis_to_nav/src) by extension 'ignore_ament_install'
[1.236s] Level 1:colcon.colcon_core.package_identification:_identify(/home/regmed/dregmed/vis_to_nav/src) by extensions ['colcon_pkg']
[1.236s] Level 1:colcon.colcon_core.package_identification:_identify(/home/regmed/dregmed/vis_to_nav/src) by extension 'colcon_pkg'
[1.236s] Level 1:colcon.colcon_core.package_identification:_identify(/home/regmed/dregmed/vis_to_nav/src) by extensions ['colcon_meta']
[1.236s] Level 1:colcon.colcon_core.package_identification:_identify(/home/regmed/dregmed/vis_to_nav/src) by extension 'colcon_meta'
[1.236s] Level 1:colcon.colcon_core.package_identification:_identify(/home/regmed/dregmed/vis_to_nav/src) by extensions ['ros']
[1.236s] Level 1:colcon.colcon_core.package_identification:_identify(/home/regmed/dregmed/vis_to_nav/src) by extension 'ros'
[1.236s] Level 1:colcon.colcon_core.package_identification:_identify(/home/regmed/dregmed/vis_to_nav/src) by extensions ['cmake', 'python']
[1.236s] Level 1:colcon.colcon_core.package_identification:_identify(/home/regmed/dregmed/vis_to_nav/src) by extension 'cmake'
[1.236s] Level 1:colcon.colcon_core.package_identification:_identify(/home/regmed/dregmed/vis_to_nav/src) by extension 'python'
[1.236s] Level 1:colcon.colcon_core.package_identification:_identify(/home/regmed/dregmed/vis_to_nav/src) by extensions ['python_setup_py']
[1.236s] Level 1:colcon.colcon_core.package_identification:_identify(/home/regmed/dregmed/vis_to_nav/src) by extension 'python_setup_py'
[1.236s] Level 1:colcon.colcon_core.package_identification:_identify(/home/regmed/dregmed/vis_to_nav/src/vis_nav) by extensions ['ignore', 'ignore_ament_install']
[1.236s] Level 1:colcon.colcon_core.package_identification:_identify(/home/regmed/dregmed/vis_to_nav/src/vis_nav) by extension 'ignore'
[1.236s] Level 1:colcon.colcon_core.package_identification:_identify(/home/regmed/dregmed/vis_to_nav/src/vis_nav) by extension 'ignore_ament_install'
[1.236s] Level 1:colcon.colcon_core.package_identification:_identify(/home/regmed/dregmed/vis_to_nav/src/vis_nav) by extensions ['colcon_pkg']
[1.236s] Level 1:colcon.colcon_core.package_identification:_identify(/home/regmed/dregmed/vis_to_nav/src/vis_nav) by extension 'colcon_pkg'
[1.236s] Level 1:colcon.colcon_core.package_identification:_identify(/home/regmed/dregmed/vis_to_nav/src/vis_nav) by extensions ['colcon_meta']
[1.236s] Level 1:colcon.colcon_core.package_identification:_identify(/home/regmed/dregmed/vis_to_nav/src/vis_nav) by extension 'colcon_meta'
[1.236s] Level 1:colcon.colcon_core.package_identification:_identify(/home/regmed/dregmed/vis_to_nav/src/vis_nav) by extensions ['ros']
[1.236s] Level 1:colcon.colcon_core.package_identification:_identify(/home/regmed/dregmed/vis_to_nav/src/vis_nav) by extension 'ros'
[1.239s] DEBUG:colcon.colcon_core.package_identification:Package '/home/regmed/dregmed/vis_to_nav/src/vis_nav' with type 'ros.ament_python' and name 'vis_nav'
[1.239s] Level 1:colcon.colcon_core.package_discovery:discover_packages(recursive) using defaults
