[0.649s] Invoking command in '/home/regmed/dregmed/vis_to_nav/build/vis_nav': PYTHONPATH=/home/regmed/dregmed/vis_to_nav/build/vis_nav/prefix_override:/home/regmed/dregmed/vis_to_nav/install/vis_nav/lib/python3.10/site-packages:${PYTHONPATH} /usr/bin/python3 setup.py develop --uninstall --editable --build-directory /home/regmed/dregmed/vis_to_nav/build/vis_nav/build
[0.880s] running develop
[1.033s] Removing /home/regmed/dregmed/vis_to_nav/install/vis_nav/lib/python3.10/site-packages/vis-nav.egg-link (link to .)
[1.051s] Invoked command in '/home/regmed/dregmed/vis_to_nav/build/vis_nav' returned '0': PYTHONPATH=/home/regmed/dregmed/vis_to_nav/build/vis_nav/prefix_override:/home/regmed/dregmed/vis_to_nav/install/vis_nav/lib/python3.10/site-packages:${PYTHONPATH} /usr/bin/python3 setup.py develop --uninstall --editable --build-directory /home/regmed/dregmed/vis_to_nav/build/vis_nav/build
[1.053s] Invoking command in '/home/regmed/dregmed/vis_to_nav/src/vis_nav': PYTHONPATH=/home/regmed/dregmed/vis_to_nav/build/vis_nav/prefix_override:/home/regmed/dregmed/vis_to_nav/install/vis_nav/lib/python3.10/site-packages:${PYTHONPATH} /usr/bin/python3 setup.py egg_info --egg-base ../../build/vis_nav build --build-base /home/regmed/dregmed/vis_to_nav/build/vis_nav/build install --record /home/regmed/dregmed/vis_to_nav/build/vis_nav/install.log --single-version-externally-managed
[1.264s] running egg_info
[1.264s] writing ../../build/vis_nav/vis_nav.egg-info/PKG-INFO
[1.264s] writing dependency_links to ../../build/vis_nav/vis_nav.egg-info/dependency_links.txt
[1.264s] writing entry points to ../../build/vis_nav/vis_nav.egg-info/entry_points.txt
[1.264s] writing requirements to ../../build/vis_nav/vis_nav.egg-info/requires.txt
[1.265s] writing top-level names to ../../build/vis_nav/vis_nav.egg-info/top_level.txt
[1.266s] reading manifest file '../../build/vis_nav/vis_nav.egg-info/SOURCES.txt'
[1.267s] writing manifest file '../../build/vis_nav/vis_nav.egg-info/SOURCES.txt'
[1.267s] running build
[1.267s] running build_py
[1.267s] running install
[1.268s] running install_lib
[1.268s] creating /home/regmed/dregmed/vis_to_nav/install/vis_nav/lib/python3.10/site-packages/vis_nav
[1.268s] copying /home/regmed/dregmed/vis_to_nav/build/vis_nav/build/lib/vis_nav/simple_vit.py -> /home/regmed/dregmed/vis_to_nav/install/vis_nav/lib/python3.10/site-packages/vis_nav
[1.268s] copying /home/regmed/dregmed/vis_to_nav/build/vis_nav/build/lib/vis_nav/utils.py -> /home/regmed/dregmed/vis_to_nav/install/vis_nav/lib/python3.10/site-packages/vis_nav
[1.269s] copying /home/regmed/dregmed/vis_to_nav/build/vis_nav/build/lib/vis_nav/main.py -> /home/regmed/dregmed/vis_to_nav/install/vis_nav/lib/python3.10/site-packages/vis_nav
[1.269s] copying /home/regmed/dregmed/vis_to_nav/build/vis_nav/build/lib/vis_nav/point_cloud2.py -> /home/regmed/dregmed/vis_to_nav/install/vis_nav/lib/python3.10/site-packages/vis_nav
[1.269s] copying /home/regmed/dregmed/vis_to_nav/build/vis_nav/build/lib/vis_nav/env_lab.py -> /home/regmed/dregmed/vis_to_nav/install/vis_nav/lib/python3.10/site-packages/vis_nav
[1.269s] copying /home/regmed/dregmed/vis_to_nav/build/vis_nav/build/lib/vis_nav/DRL.py -> /home/regmed/dregmed/vis_to_nav/install/vis_nav/lib/python3.10/site-packages/vis_nav
[1.269s] copying /home/regmed/dregmed/vis_to_nav/build/vis_nav/build/lib/vis_nav/keyboard_control.py -> /home/regmed/dregmed/vis_to_nav/install/vis_nav/lib/python3.10/site-packages/vis_nav
[1.269s] copying /home/regmed/dregmed/vis_to_nav/build/vis_nav/build/lib/vis_nav/got_sac_network.py -> /home/regmed/dregmed/vis_to_nav/install/vis_nav/lib/python3.10/site-packages/vis_nav
[1.269s] copying /home/regmed/dregmed/vis_to_nav/build/vis_nav/build/lib/vis_nav/demonstration.py -> /home/regmed/dregmed/vis_to_nav/install/vis_nav/lib/python3.10/site-packages/vis_nav
[1.269s] copying /home/regmed/dregmed/vis_to_nav/build/vis_nav/build/lib/vis_nav/__init__.py -> /home/regmed/dregmed/vis_to_nav/install/vis_nav/lib/python3.10/site-packages/vis_nav
[1.269s] copying /home/regmed/dregmed/vis_to_nav/build/vis_nav/build/lib/vis_nav/GoalFormer.py -> /home/regmed/dregmed/vis_to_nav/install/vis_nav/lib/python3.10/site-packages/vis_nav
[1.269s] copying /home/regmed/dregmed/vis_to_nav/build/vis_nav/build/lib/vis_nav/attention_imitating.py -> /home/regmed/dregmed/vis_to_nav/install/vis_nav/lib/python3.10/site-packages/vis_nav
[1.269s] copying /home/regmed/dregmed/vis_to_nav/build/vis_nav/build/lib/vis_nav/vit_sac_network.py -> /home/regmed/dregmed/vis_to_nav/install/vis_nav/lib/python3.10/site-packages/vis_nav
[1.270s] byte-compiling /home/regmed/dregmed/vis_to_nav/install/vis_nav/lib/python3.10/site-packages/vis_nav/simple_vit.py to simple_vit.cpython-310.pyc
[1.271s] byte-compiling /home/regmed/dregmed/vis_to_nav/install/vis_nav/lib/python3.10/site-packages/vis_nav/utils.py to utils.cpython-310.pyc
[1.271s] byte-compiling /home/regmed/dregmed/vis_to_nav/install/vis_nav/lib/python3.10/site-packages/vis_nav/main.py to main.cpython-310.pyc
[1.273s] byte-compiling /home/regmed/dregmed/vis_to_nav/install/vis_nav/lib/python3.10/site-packages/vis_nav/point_cloud2.py to point_cloud2.cpython-310.pyc
[1.274s] byte-compiling /home/regmed/dregmed/vis_to_nav/install/vis_nav/lib/python3.10/site-packages/vis_nav/env_lab.py to env_lab.cpython-310.pyc
[1.276s] byte-compiling /home/regmed/dregmed/vis_to_nav/install/vis_nav/lib/python3.10/site-packages/vis_nav/DRL.py to DRL.cpython-310.pyc
[1.279s] byte-compiling /home/regmed/dregmed/vis_to_nav/install/vis_nav/lib/python3.10/site-packages/vis_nav/keyboard_control.py to keyboard_control.cpython-310.pyc
[1.279s] byte-compiling /home/regmed/dregmed/vis_to_nav/install/vis_nav/lib/python3.10/site-packages/vis_nav/got_sac_network.py to got_sac_network.cpython-310.pyc
[1.282s] byte-compiling /home/regmed/dregmed/vis_to_nav/install/vis_nav/lib/python3.10/site-packages/vis_nav/demonstration.py to demonstration.cpython-310.pyc
[1.283s] byte-compiling /home/regmed/dregmed/vis_to_nav/install/vis_nav/lib/python3.10/site-packages/vis_nav/__init__.py to __init__.cpython-310.pyc
[1.283s] byte-compiling /home/regmed/dregmed/vis_to_nav/install/vis_nav/lib/python3.10/site-packages/vis_nav/GoalFormer.py to GoalFormer.cpython-310.pyc
[1.284s] byte-compiling /home/regmed/dregmed/vis_to_nav/install/vis_nav/lib/python3.10/site-packages/vis_nav/attention_imitating.py to attention_imitating.cpython-310.pyc
[1.285s] byte-compiling /home/regmed/dregmed/vis_to_nav/install/vis_nav/lib/python3.10/site-packages/vis_nav/vit_sac_network.py to vit_sac_network.cpython-310.pyc
[1.287s] running install_data
[1.287s] running install_egg_info
[1.288s] Copying ../../build/vis_nav/vis_nav.egg-info to /home/regmed/dregmed/vis_to_nav/install/vis_nav/lib/python3.10/site-packages/vis_nav-0.0.0-py3.10.egg-info
[1.289s] running install_scripts
[1.305s] writing list of installed files to '/home/regmed/dregmed/vis_to_nav/build/vis_nav/install.log'
[1.323s] Invoked command in '/home/regmed/dregmed/vis_to_nav/src/vis_nav' returned '0': PYTHONPATH=/home/regmed/dregmed/vis_to_nav/build/vis_nav/prefix_override:/home/regmed/dregmed/vis_to_nav/install/vis_nav/lib/python3.10/site-packages:${PYTHONPATH} /usr/bin/python3 setup.py egg_info --egg-base ../../build/vis_nav build --build-base /home/regmed/dregmed/vis_to_nav/build/vis_nav/build install --record /home/regmed/dregmed/vis_to_nav/build/vis_nav/install.log --single-version-externally-managed
