running develop
Removing /home/regmed/dregmed/vis_to_nav/install/vis_nav/lib/python3.10/site-packages/vis-nav.egg-link (link to .)
running egg_info
writing ../../build/vis_nav/vis_nav.egg-info/PKG-INFO
writing dependency_links to ../../build/vis_nav/vis_nav.egg-info/dependency_links.txt
writing entry points to ../../build/vis_nav/vis_nav.egg-info/entry_points.txt
writing requirements to ../../build/vis_nav/vis_nav.egg-info/requires.txt
writing top-level names to ../../build/vis_nav/vis_nav.egg-info/top_level.txt
reading manifest file '../../build/vis_nav/vis_nav.egg-info/SOURCES.txt'
writing manifest file '../../build/vis_nav/vis_nav.egg-info/SOURCES.txt'
running build
running build_py
copying vis_nav/env_lab.py -> /home/regmed/dregmed/vis_to_nav/build/vis_nav/build/lib/vis_nav
running install
running install_lib
creating /home/regmed/dregmed/vis_to_nav/install/vis_nav/lib/python3.10/site-packages/vis_nav
copying /home/regmed/dregmed/vis_to_nav/build/vis_nav/build/lib/vis_nav/simple_vit.py -> /home/regmed/dregmed/vis_to_nav/install/vis_nav/lib/python3.10/site-packages/vis_nav
copying /home/regmed/dregmed/vis_to_nav/build/vis_nav/build/lib/vis_nav/utils.py -> /home/regmed/dregmed/vis_to_nav/install/vis_nav/lib/python3.10/site-packages/vis_nav
copying /home/regmed/dregmed/vis_to_nav/build/vis_nav/build/lib/vis_nav/main.py -> /home/regmed/dregmed/vis_to_nav/install/vis_nav/lib/python3.10/site-packages/vis_nav
copying /home/regmed/dregmed/vis_to_nav/build/vis_nav/build/lib/vis_nav/point_cloud2.py -> /home/regmed/dregmed/vis_to_nav/install/vis_nav/lib/python3.10/site-packages/vis_nav
copying /home/regmed/dregmed/vis_to_nav/build/vis_nav/build/lib/vis_nav/env_lab.py -> /home/regmed/dregmed/vis_to_nav/install/vis_nav/lib/python3.10/site-packages/vis_nav
copying /home/regmed/dregmed/vis_to_nav/build/vis_nav/build/lib/vis_nav/DRL.py -> /home/regmed/dregmed/vis_to_nav/install/vis_nav/lib/python3.10/site-packages/vis_nav
copying /home/regmed/dregmed/vis_to_nav/build/vis_nav/build/lib/vis_nav/keyboard_control.py -> /home/regmed/dregmed/vis_to_nav/install/vis_nav/lib/python3.10/site-packages/vis_nav
copying /home/regmed/dregmed/vis_to_nav/build/vis_nav/build/lib/vis_nav/got_sac_network.py -> /home/regmed/dregmed/vis_to_nav/install/vis_nav/lib/python3.10/site-packages/vis_nav
copying /home/regmed/dregmed/vis_to_nav/build/vis_nav/build/lib/vis_nav/demonstration.py -> /home/regmed/dregmed/vis_to_nav/install/vis_nav/lib/python3.10/site-packages/vis_nav
copying /home/regmed/dregmed/vis_to_nav/build/vis_nav/build/lib/vis_nav/testing.py -> /home/regmed/dregmed/vis_to_nav/install/vis_nav/lib/python3.10/site-packages/vis_nav
copying /home/regmed/dregmed/vis_to_nav/build/vis_nav/build/lib/vis_nav/depth_image_subscriber.py -> /home/regmed/dregmed/vis_to_nav/install/vis_nav/lib/python3.10/site-packages/vis_nav
copying /home/regmed/dregmed/vis_to_nav/build/vis_nav/build/lib/vis_nav/__init__.py -> /home/regmed/dregmed/vis_to_nav/install/vis_nav/lib/python3.10/site-packages/vis_nav
copying /home/regmed/dregmed/vis_to_nav/build/vis_nav/build/lib/vis_nav/GoalFormer.py -> /home/regmed/dregmed/vis_to_nav/install/vis_nav/lib/python3.10/site-packages/vis_nav
copying /home/regmed/dregmed/vis_to_nav/build/vis_nav/build/lib/vis_nav/attention_imitating.py -> /home/regmed/dregmed/vis_to_nav/install/vis_nav/lib/python3.10/site-packages/vis_nav
copying /home/regmed/dregmed/vis_to_nav/build/vis_nav/build/lib/vis_nav/vit_sac_network.py -> /home/regmed/dregmed/vis_to_nav/install/vis_nav/lib/python3.10/site-packages/vis_nav
byte-compiling /home/regmed/dregmed/vis_to_nav/install/vis_nav/lib/python3.10/site-packages/vis_nav/simple_vit.py to simple_vit.cpython-310.pyc
byte-compiling /home/regmed/dregmed/vis_to_nav/install/vis_nav/lib/python3.10/site-packages/vis_nav/utils.py to utils.cpython-310.pyc
byte-compiling /home/regmed/dregmed/vis_to_nav/install/vis_nav/lib/python3.10/site-packages/vis_nav/main.py to main.cpython-310.pyc
byte-compiling /home/regmed/dregmed/vis_to_nav/install/vis_nav/lib/python3.10/site-packages/vis_nav/point_cloud2.py to point_cloud2.cpython-310.pyc
byte-compiling /home/regmed/dregmed/vis_to_nav/install/vis_nav/lib/python3.10/site-packages/vis_nav/env_lab.py to env_lab.cpython-310.pyc
byte-compiling /home/regmed/dregmed/vis_to_nav/install/vis_nav/lib/python3.10/site-packages/vis_nav/DRL.py to DRL.cpython-310.pyc
byte-compiling /home/regmed/dregmed/vis_to_nav/install/vis_nav/lib/python3.10/site-packages/vis_nav/keyboard_control.py to keyboard_control.cpython-310.pyc
byte-compiling /home/regmed/dregmed/vis_to_nav/install/vis_nav/lib/python3.10/site-packages/vis_nav/got_sac_network.py to got_sac_network.cpython-310.pyc
byte-compiling /home/regmed/dregmed/vis_to_nav/install/vis_nav/lib/python3.10/site-packages/vis_nav/demonstration.py to demonstration.cpython-310.pyc
byte-compiling /home/regmed/dregmed/vis_to_nav/install/vis_nav/lib/python3.10/site-packages/vis_nav/testing.py to testing.cpython-310.pyc
byte-compiling /home/regmed/dregmed/vis_to_nav/install/vis_nav/lib/python3.10/site-packages/vis_nav/depth_image_subscriber.py to depth_image_subscriber.cpython-310.pyc
byte-compiling /home/regmed/dregmed/vis_to_nav/install/vis_nav/lib/python3.10/site-packages/vis_nav/__init__.py to __init__.cpython-310.pyc
byte-compiling /home/regmed/dregmed/vis_to_nav/install/vis_nav/lib/python3.10/site-packages/vis_nav/GoalFormer.py to GoalFormer.cpython-310.pyc
byte-compiling /home/regmed/dregmed/vis_to_nav/install/vis_nav/lib/python3.10/site-packages/vis_nav/attention_imitating.py to attention_imitating.cpython-310.pyc
byte-compiling /home/regmed/dregmed/vis_to_nav/install/vis_nav/lib/python3.10/site-packages/vis_nav/vit_sac_network.py to vit_sac_network.cpython-310.pyc
running install_data
running install_egg_info
Copying ../../build/vis_nav/vis_nav.egg-info to /home/regmed/dregmed/vis_to_nav/install/vis_nav/lib/python3.10/site-packages/vis_nav-0.0.0-py3.10.egg-info
running install_scripts
Installing depth_image_subscriber.py script to /home/regmed/dregmed/vis_to_nav/install/vis_nav/lib/vis_nav
Installing main.py script to /home/regmed/dregmed/vis_to_nav/install/vis_nav/lib/vis_nav
Installing testing.py script to /home/regmed/dregmed/vis_to_nav/install/vis_nav/lib/vis_nav
writing list of installed files to '/home/regmed/dregmed/vis_to_nav/build/vis_nav/install.log'
