[0.622s] Invoking command in '/home/regmed/dregmed/vis_to_nav/build/vis_nav': PYTHONPATH=/home/regmed/dregmed/vis_to_nav/build/vis_nav/prefix_override:/home/regmed/dregmed/vis_to_nav/install/vis_nav/lib/python3.10/site-packages:${PYTHONPATH} /usr/bin/python3 setup.py develop --uninstall --editable --build-directory /home/regmed/dregmed/vis_to_nav/build/vis_nav/build
[0.839s] running develop
[0.984s] Removing /home/regmed/dregmed/vis_to_nav/install/vis_nav/lib/python3.10/site-packages/vis-nav.egg-link (link to .)
[1.002s] Invoked command in '/home/regmed/dregmed/vis_to_nav/build/vis_nav' returned '0': PYTHONPATH=/home/regmed/dregmed/vis_to_nav/build/vis_nav/prefix_override:/home/regmed/dregmed/vis_to_nav/install/vis_nav/lib/python3.10/site-packages:${PYTHONPATH} /usr/bin/python3 setup.py develop --uninstall --editable --build-directory /home/regmed/dregmed/vis_to_nav/build/vis_nav/build
[1.003s] Invoking command in '/home/regmed/dregmed/vis_to_nav/src/vis_nav': PYTHONPATH=/home/regmed/dregmed/vis_to_nav/build/vis_nav/prefix_override:/home/regmed/dregmed/vis_to_nav/install/vis_nav/lib/python3.10/site-packages:${PYTHONPATH} /usr/bin/python3 setup.py egg_info --egg-base ../../build/vis_nav build --build-base /home/regmed/dregmed/vis_to_nav/build/vis_nav/build install --record /home/regmed/dregmed/vis_to_nav/build/vis_nav/install.log --single-version-externally-managed
[1.209s] running egg_info
[1.209s] writing ../../build/vis_nav/vis_nav.egg-info/PKG-INFO
[1.209s] writing dependency_links to ../../build/vis_nav/vis_nav.egg-info/dependency_links.txt
[1.209s] writing entry points to ../../build/vis_nav/vis_nav.egg-info/entry_points.txt
[1.210s] writing requirements to ../../build/vis_nav/vis_nav.egg-info/requires.txt
[1.210s] writing top-level names to ../../build/vis_nav/vis_nav.egg-info/top_level.txt
[1.211s] reading manifest file '../../build/vis_nav/vis_nav.egg-info/SOURCES.txt'
[1.212s] writing manifest file '../../build/vis_nav/vis_nav.egg-info/SOURCES.txt'
[1.212s] running build
[1.212s] running build_py
[1.212s] copying vis_nav/depth_image_subscriber.py -> /home/regmed/dregmed/vis_to_nav/build/vis_nav/build/lib/vis_nav
[1.213s] running install
[1.213s] running install_lib
[1.214s] creating /home/regmed/dregmed/vis_to_nav/install/vis_nav/lib/python3.10/site-packages/vis_nav
[1.214s] copying /home/regmed/dregmed/vis_to_nav/build/vis_nav/build/lib/vis_nav/simple_vit.py -> /home/regmed/dregmed/vis_to_nav/install/vis_nav/lib/python3.10/site-packages/vis_nav
[1.214s] copying /home/regmed/dregmed/vis_to_nav/build/vis_nav/build/lib/vis_nav/utils.py -> /home/regmed/dregmed/vis_to_nav/install/vis_nav/lib/python3.10/site-packages/vis_nav
[1.214s] copying /home/regmed/dregmed/vis_to_nav/build/vis_nav/build/lib/vis_nav/main.py -> /home/regmed/dregmed/vis_to_nav/install/vis_nav/lib/python3.10/site-packages/vis_nav
[1.214s] copying /home/regmed/dregmed/vis_to_nav/build/vis_nav/build/lib/vis_nav/point_cloud2.py -> /home/regmed/dregmed/vis_to_nav/install/vis_nav/lib/python3.10/site-packages/vis_nav
[1.214s] copying /home/regmed/dregmed/vis_to_nav/build/vis_nav/build/lib/vis_nav/env_lab.py -> /home/regmed/dregmed/vis_to_nav/install/vis_nav/lib/python3.10/site-packages/vis_nav
[1.214s] copying /home/regmed/dregmed/vis_to_nav/build/vis_nav/build/lib/vis_nav/DRL.py -> /home/regmed/dregmed/vis_to_nav/install/vis_nav/lib/python3.10/site-packages/vis_nav
[1.214s] copying /home/regmed/dregmed/vis_to_nav/build/vis_nav/build/lib/vis_nav/keyboard_control.py -> /home/regmed/dregmed/vis_to_nav/install/vis_nav/lib/python3.10/site-packages/vis_nav
[1.215s] copying /home/regmed/dregmed/vis_to_nav/build/vis_nav/build/lib/vis_nav/got_sac_network.py -> /home/regmed/dregmed/vis_to_nav/install/vis_nav/lib/python3.10/site-packages/vis_nav
[1.215s] copying /home/regmed/dregmed/vis_to_nav/build/vis_nav/build/lib/vis_nav/demonstration.py -> /home/regmed/dregmed/vis_to_nav/install/vis_nav/lib/python3.10/site-packages/vis_nav
[1.215s] copying /home/regmed/dregmed/vis_to_nav/build/vis_nav/build/lib/vis_nav/testing.py -> /home/regmed/dregmed/vis_to_nav/install/vis_nav/lib/python3.10/site-packages/vis_nav
[1.215s] copying /home/regmed/dregmed/vis_to_nav/build/vis_nav/build/lib/vis_nav/depth_image_subscriber.py -> /home/regmed/dregmed/vis_to_nav/install/vis_nav/lib/python3.10/site-packages/vis_nav
[1.215s] copying /home/regmed/dregmed/vis_to_nav/build/vis_nav/build/lib/vis_nav/__init__.py -> /home/regmed/dregmed/vis_to_nav/install/vis_nav/lib/python3.10/site-packages/vis_nav
[1.215s] copying /home/regmed/dregmed/vis_to_nav/build/vis_nav/build/lib/vis_nav/GoalFormer.py -> /home/regmed/dregmed/vis_to_nav/install/vis_nav/lib/python3.10/site-packages/vis_nav
[1.215s] copying /home/regmed/dregmed/vis_to_nav/build/vis_nav/build/lib/vis_nav/attention_imitating.py -> /home/regmed/dregmed/vis_to_nav/install/vis_nav/lib/python3.10/site-packages/vis_nav
[1.215s] copying /home/regmed/dregmed/vis_to_nav/build/vis_nav/build/lib/vis_nav/vit_sac_network.py -> /home/regmed/dregmed/vis_to_nav/install/vis_nav/lib/python3.10/site-packages/vis_nav
[1.215s] byte-compiling /home/regmed/dregmed/vis_to_nav/install/vis_nav/lib/python3.10/site-packages/vis_nav/simple_vit.py to simple_vit.cpython-310.pyc
[1.216s] byte-compiling /home/regmed/dregmed/vis_to_nav/install/vis_nav/lib/python3.10/site-packages/vis_nav/utils.py to utils.cpython-310.pyc
[1.217s] byte-compiling /home/regmed/dregmed/vis_to_nav/install/vis_nav/lib/python3.10/site-packages/vis_nav/main.py to main.cpython-310.pyc
[1.219s] byte-compiling /home/regmed/dregmed/vis_to_nav/install/vis_nav/lib/python3.10/site-packages/vis_nav/point_cloud2.py to point_cloud2.cpython-310.pyc
[1.220s] byte-compiling /home/regmed/dregmed/vis_to_nav/install/vis_nav/lib/python3.10/site-packages/vis_nav/env_lab.py to env_lab.cpython-310.pyc
[1.223s] byte-compiling /home/regmed/dregmed/vis_to_nav/install/vis_nav/lib/python3.10/site-packages/vis_nav/DRL.py to DRL.cpython-310.pyc
[1.225s] byte-compiling /home/regmed/dregmed/vis_to_nav/install/vis_nav/lib/python3.10/site-packages/vis_nav/keyboard_control.py to keyboard_control.cpython-310.pyc
[1.225s] byte-compiling /home/regmed/dregmed/vis_to_nav/install/vis_nav/lib/python3.10/site-packages/vis_nav/got_sac_network.py to got_sac_network.cpython-310.pyc
[1.227s] byte-compiling /home/regmed/dregmed/vis_to_nav/install/vis_nav/lib/python3.10/site-packages/vis_nav/demonstration.py to demonstration.cpython-310.pyc
[1.228s] byte-compiling /home/regmed/dregmed/vis_to_nav/install/vis_nav/lib/python3.10/site-packages/vis_nav/testing.py to testing.cpython-310.pyc
[1.230s] byte-compiling /home/regmed/dregmed/vis_to_nav/install/vis_nav/lib/python3.10/site-packages/vis_nav/depth_image_subscriber.py to depth_image_subscriber.cpython-310.pyc
[1.230s] byte-compiling /home/regmed/dregmed/vis_to_nav/install/vis_nav/lib/python3.10/site-packages/vis_nav/__init__.py to __init__.cpython-310.pyc
[1.230s] byte-compiling /home/regmed/dregmed/vis_to_nav/install/vis_nav/lib/python3.10/site-packages/vis_nav/GoalFormer.py to GoalFormer.cpython-310.pyc
[1.231s] byte-compiling /home/regmed/dregmed/vis_to_nav/install/vis_nav/lib/python3.10/site-packages/vis_nav/attention_imitating.py to attention_imitating.cpython-310.pyc
[1.232s] byte-compiling /home/regmed/dregmed/vis_to_nav/install/vis_nav/lib/python3.10/site-packages/vis_nav/vit_sac_network.py to vit_sac_network.cpython-310.pyc
[1.234s] running install_data
[1.235s] copying launch/training_simulation.launch.py -> /home/regmed/dregmed/vis_to_nav/install/vis_nav/share/vis_nav/launch
[1.235s] running install_egg_info
[1.236s] Copying ../../build/vis_nav/vis_nav.egg-info to /home/regmed/dregmed/vis_to_nav/install/vis_nav/lib/python3.10/site-packages/vis_nav-0.0.0-py3.10.egg-info
[1.237s] running install_scripts
[1.250s] Installing depth_image_subscriber.py script to /home/regmed/dregmed/vis_to_nav/install/vis_nav/lib/vis_nav
[1.250s] Installing main.py script to /home/regmed/dregmed/vis_to_nav/install/vis_nav/lib/vis_nav
[1.250s] Installing testing.py script to /home/regmed/dregmed/vis_to_nav/install/vis_nav/lib/vis_nav
[1.251s] writing list of installed files to '/home/regmed/dregmed/vis_to_nav/build/vis_nav/install.log'
[1.265s] Invoked command in '/home/regmed/dregmed/vis_to_nav/src/vis_nav' returned '0': PYTHONPATH=/home/regmed/dregmed/vis_to_nav/build/vis_nav/prefix_override:/home/regmed/dregmed/vis_to_nav/install/vis_nav/lib/python3.10/site-packages:${PYTHONPATH} /usr/bin/python3 setup.py egg_info --egg-base ../../build/vis_nav build --build-base /home/regmed/dregmed/vis_to_nav/build/vis_nav/build install --record /home/regmed/dregmed/vis_to_nav/build/vis_nav/install.log --single-version-externally-managed
